-------------------------------------------------------------------------------
Test set: TestSuite
-------------------------------------------------------------------------------
Tests run: 127, Failures: 3, Errors: 0, Skipped: 0, Time elapsed: 4,489.929 s <<< FAILURE! - in TestSuite
Verify_Edit_User_Profile_Name(com.cs.arris.Tests.TC0011_Test_SignUp_Onboard_And_Test_SBC)  Time elapsed: 15.948 s  <<< FAILURE!
org.openqa.selenium.NoSuchElementException: Can't locate an element by this strategy: By.chained({By.id: com.arris.sbcBeta:id/img_edit_profile_name})
	at com.cs.arris.Tests.TC0011_Test_SignUp_Onboard_And_Test_SBC.Verify_Edit_User_Profile_Name(TC0011_Test_SignUp_Onboard_And_Test_SBC.java:1306)
Caused by: org.openqa.selenium.TimeoutException: Expected condition failed: waiting for io.appium.java_client.pagefactory.AppiumElementLocator$WaitingFunction@2be49c8c (tried for 1 second(s) with 500 milliseconds interval)
	at com.cs.arris.Tests.TC0011_Test_SignUp_Onboard_And_Test_SBC.Verify_Edit_User_Profile_Name(TC0011_Test_SignUp_Onboard_And_Test_SBC.java:1306)
Caused by: org.openqa.selenium.NoSuchElementException: 
Cannot locate an element using By.chained({By.id: com.arris.sbcBeta:id/img_edit_profile_name})
For documentation on this error, please visit: https://www.seleniumhq.org/exceptions/no_such_element.html
Build info: version: '3.141.59', revision: 'e82be7d358', time: '2018-11-14T08:17:03'
System info: host: 'css-mac-pro.arrs.arrisi.com', ip: 'fe80:0:0:0:8da:3411:cdb8:3812%en0', os.name: 'Mac OS X', os.arch: 'x86_64', os.version: '11.6', java.version: '11.0.12'
Driver info: driver.version: AndroidDriver
	at com.cs.arris.Tests.TC0011_Test_SignUp_Onboard_And_Test_SBC.Verify_Edit_User_Profile_Name(TC0011_Test_SignUp_Onboard_And_Test_SBC.java:1306)

Verify_Currently_Blocked_Users_After_Resuming_Internet_For_All_Users(com.cs.arris.Tests.TC0011_Test_SignUp_Onboard_And_Test_SBC)  Time elapsed: 19.1 s  <<< FAILURE!
java.lang.AssertionError: 
The following asserts failed:
	expected [true] but found [false]
	at com.cs.arris.Tests.TC0011_Test_SignUp_Onboard_And_Test_SBC.Verify_Currently_Blocked_Users_After_Resuming_Internet_For_All_Users(TC0011_Test_SignUp_Onboard_And_Test_SBC.java:1579)

Verify_Device_Priority_Settings_Disable_Device_Prioritation(com.cs.arris.Tests.TC0011_Test_SignUp_Onboard_And_Test_SBC)  Time elapsed: 6.149 s  <<< FAILURE!
java.lang.AssertionError: 
The following asserts failed:
	expected [true] but found [false]
	at com.cs.arris.Tests.TC0011_Test_SignUp_Onboard_And_Test_SBC.Verify_Device_Priority_Settings_Disable_Device_Prioritation(TC0011_Test_SignUp_Onboard_And_Test_SBC.java:2131)

