-------------------------------------------------------------------------------
Test set: TestSuite
-------------------------------------------------------------------------------
Tests run: 29, Failures: 4, Errors: 0, Skipped: 25, Time elapsed: 8.465 s <<< FAILURE! - in TestSuite
beforeTest(com.cs.arris.Tests.TC03_Verify_Invalid_OTP_Test)  Time elapsed: 7.115 s  <<< FAILURE!
java.lang.NullPointerException

beforeTest(com.cs.arris.Tests.TC02_EC_0002_1002_Disconnect_Wifi_On_Mobile_Test)  Time elapsed: 0.638 s  <<< FAILURE!
java.lang.NullPointerException

beforeTest(com.cs.arris.Tests.TC01_EC_0001_1201_Disconnect_Bluetooth_On_Mobile_Test)  Time elapsed: 0.049 s  <<< FAILURE!
java.lang.NullPointerException

beforeTest(com.cs.arris.Tests.TC51_Signin_And_Onboard_Test)  Time elapsed: 0.044 s  <<< FAILURE!
java.lang.NullPointerException

