<?xml version="1.0" encoding="UTF-8"?>
<testng-results ignored="0" total="3" passed="3" failed="0" skipped="0">
  <reporter-output>
  </reporter-output>
  <suite started-at="2022-03-25T10:44:46 IST" name="Android : W31-OnBoarding" finished-at="2022-03-25T11:12:21 IST" duration-ms="1654656">
    <groups>
    </groups>
    <test started-at="2022-03-25T10:44:46 IST" name="SignUp_And_Onboard_Satellite_Test" finished-at="2022-03-25T11:12:21 IST" duration-ms="1654656">
      <class name="com.cs.arris.Tests.TC0012_Test_SignUp_And_Onboard_Satellite">
        <test-method is-config="true" signature="beforeSuite(java.lang.String,java.lang.String)[pri:0, instance:com.cs.arris.Tests.TC0012_Test_SignUp_And_Onboard_Satellite@55a147cc]" started-at="2022-03-25T10:44:34 IST" name="beforeSuite" finished-at="2022-03-25T10:44:46 IST" duration-ms="12283" status="PASS">
          <params>
            <param index="0">
              <value>
                <![CDATA[Android]]>
              </value>
            </param>
            <param index="1">
              <value>
                <![CDATA[Android]]>
              </value>
            </param>
          </params>
          <reporter-output>
          </reporter-output>
        </test-method> <!-- beforeSuite -->
        <test-method is-config="true" signature="beforeTest()[pri:0, instance:com.cs.arris.Tests.TC0012_Test_SignUp_And_Onboard_Satellite@55a147cc]" started-at="2022-03-25T10:44:46 IST" name="beforeTest" finished-at="2022-03-25T10:44:51 IST" duration-ms="4876" status="PASS">
          <reporter-output>
          </reporter-output>
        </test-method> <!-- beforeTest -->
        <test-method is-config="true" signature="beforeClass()[pri:0, instance:com.cs.arris.Tests.TC0012_Test_SignUp_And_Onboard_Satellite@55a147cc]" started-at="2022-03-25T10:44:51 IST" name="beforeClass" finished-at="2022-03-25T10:44:51 IST" duration-ms="4" status="PASS">
          <reporter-output>
          </reporter-output>
        </test-method> <!-- beforeClass -->
        <test-method is-config="true" signature="beforeMethod()[pri:0, instance:com.cs.arris.Tests.TC0012_Test_SignUp_And_Onboard_Satellite@55a147cc]" started-at="2022-03-25T10:44:51 IST" name="beforeMethod" finished-at="2022-03-25T10:44:52 IST" duration-ms="1003" status="PASS">
          <reporter-output>
          </reporter-output>
        </test-method> <!-- beforeMethod -->
        <test-method is-config="true" signature="beforeMethod(java.lang.reflect.Method)[pri:0, instance:com.cs.arris.Tests.TC0012_Test_SignUp_And_Onboard_Satellite@55a147cc]" started-at="2022-03-25T10:44:52 IST" name="beforeMethod" finished-at="2022-03-25T10:44:52 IST" duration-ms="1" status="PASS">
          <params>
            <param index="0">
              <value>
                <![CDATA[public void com.cs.arris.Tests.TC0012_Test_SignUp_And_Onboard_Satellite.Verify_SignUp_And_Onboard()]]>
              </value>
            </param>
          </params>
          <reporter-output>
          </reporter-output>
        </test-method> <!-- beforeMethod -->
        <test-method signature="Verify_SignUp_And_Onboard()[pri:1, instance:com.cs.arris.Tests.TC0012_Test_SignUp_And_Onboard_Satellite@55a147cc]" started-at="2022-03-25T10:44:52 IST" name="Verify_SignUp_And_Onboard" finished-at="2022-03-25T10:54:15 IST" duration-ms="562856" status="PASS">
          <reporter-output>
          </reporter-output>
        </test-method> <!-- Verify_SignUp_And_Onboard -->
        <test-method is-config="true" signature="afterMethod(org.testng.ITestResult)[pri:0, instance:com.cs.arris.Tests.TC0012_Test_SignUp_And_Onboard_Satellite@55a147cc]" started-at="2022-03-25T10:54:15 IST" name="afterMethod" finished-at="2022-03-25T10:54:21 IST" duration-ms="6204" status="PASS">
          <params>
            <param index="0">
              <value>
                <![CDATA[[TestResult name=Verify_SignUp_And_Onboard status=SUCCESS method=TC0012_Test_SignUp_And_Onboard_Satellite.Verify_SignUp_And_Onboard()[pri:1, instance:com.cs.arris.Tests.TC0012_Test_SignUp_And_Onboard_Satellite@55a147cc] output={null}]]]>
              </value>
            </param>
          </params>
          <reporter-output>
          </reporter-output>
        </test-method> <!-- afterMethod -->
        <test-method is-config="true" signature="beforeMethod()[pri:0, instance:com.cs.arris.Tests.TC0012_Test_SignUp_And_Onboard_Satellite@55a147cc]" started-at="2022-03-25T10:54:21 IST" name="beforeMethod" finished-at="2022-03-25T10:54:22 IST" duration-ms="733" status="PASS">
          <reporter-output>
          </reporter-output>
        </test-method> <!-- beforeMethod -->
        <test-method is-config="true" signature="beforeMethod(java.lang.reflect.Method)[pri:0, instance:com.cs.arris.Tests.TC0012_Test_SignUp_And_Onboard_Satellite@55a147cc]" started-at="2022-03-25T10:54:22 IST" name="beforeMethod" finished-at="2022-03-25T10:54:22 IST" duration-ms="1" status="PASS">
          <params>
            <param index="0">
              <value>
                <![CDATA[public void com.cs.arris.Tests.TC0012_Test_SignUp_And_Onboard_Satellite.Verify_Install_Left_Satellite()]]>
              </value>
            </param>
          </params>
          <reporter-output>
          </reporter-output>
        </test-method> <!-- beforeMethod -->
        <test-method signature="Verify_Install_Left_Satellite()[pri:102, instance:com.cs.arris.Tests.TC0012_Test_SignUp_And_Onboard_Satellite@55a147cc]" started-at="2022-03-25T10:54:22 IST" name="Verify_Install_Left_Satellite" finished-at="2022-03-25T11:03:34 IST" duration-ms="551773" status="PASS">
          <reporter-output>
          </reporter-output>
        </test-method> <!-- Verify_Install_Left_Satellite -->
        <test-method is-config="true" signature="afterMethod(org.testng.ITestResult)[pri:0, instance:com.cs.arris.Tests.TC0012_Test_SignUp_And_Onboard_Satellite@55a147cc]" started-at="2022-03-25T11:03:34 IST" name="afterMethod" finished-at="2022-03-25T11:03:36 IST" duration-ms="2801" status="PASS">
          <params>
            <param index="0">
              <value>
                <![CDATA[[TestResult name=Verify_Install_Left_Satellite status=SUCCESS method=TC0012_Test_SignUp_And_Onboard_Satellite.Verify_Install_Left_Satellite()[pri:102, instance:com.cs.arris.Tests.TC0012_Test_SignUp_And_Onboard_Satellite@55a147cc] output={null}]]]>
              </value>
            </param>
          </params>
          <reporter-output>
          </reporter-output>
        </test-method> <!-- afterMethod -->
        <test-method is-config="true" signature="beforeMethod()[pri:0, instance:com.cs.arris.Tests.TC0012_Test_SignUp_And_Onboard_Satellite@55a147cc]" started-at="2022-03-25T11:03:36 IST" name="beforeMethod" finished-at="2022-03-25T11:03:38 IST" duration-ms="1102" status="PASS">
          <reporter-output>
          </reporter-output>
        </test-method> <!-- beforeMethod -->
        <test-method signature="Verify_Install_Right_Satellite()[pri:120, instance:com.cs.arris.Tests.TC0012_Test_SignUp_And_Onboard_Satellite@55a147cc]" started-at="2022-03-25T11:03:38 IST" name="Verify_Install_Right_Satellite" finished-at="2022-03-25T11:12:18 IST" duration-ms="520632" status="PASS">
          <reporter-output>
          </reporter-output>
        </test-method> <!-- Verify_Install_Right_Satellite -->
        <test-method is-config="true" signature="beforeMethod(java.lang.reflect.Method)[pri:0, instance:com.cs.arris.Tests.TC0012_Test_SignUp_And_Onboard_Satellite@55a147cc]" started-at="2022-03-25T11:03:38 IST" name="beforeMethod" finished-at="2022-03-25T11:03:38 IST" duration-ms="0" status="PASS">
          <params>
            <param index="0">
              <value>
                <![CDATA[public void com.cs.arris.Tests.TC0012_Test_SignUp_And_Onboard_Satellite.Verify_Install_Right_Satellite()]]>
              </value>
            </param>
          </params>
          <reporter-output>
          </reporter-output>
        </test-method> <!-- beforeMethod -->
        <test-method is-config="true" signature="afterMethod(org.testng.ITestResult)[pri:0, instance:com.cs.arris.Tests.TC0012_Test_SignUp_And_Onboard_Satellite@55a147cc]" started-at="2022-03-25T11:12:18 IST" name="afterMethod" finished-at="2022-03-25T11:12:21 IST" duration-ms="2436" status="PASS">
          <params>
            <param index="0">
              <value>
                <![CDATA[[TestResult name=Verify_Install_Right_Satellite status=SUCCESS method=TC0012_Test_SignUp_And_Onboard_Satellite.Verify_Install_Right_Satellite()[pri:120, instance:com.cs.arris.Tests.TC0012_Test_SignUp_And_Onboard_Satellite@55a147cc] output={null}]]]>
              </value>
            </param>
          </params>
          <reporter-output>
          </reporter-output>
        </test-method> <!-- afterMethod -->
        <test-method is-config="true" signature="afterTest()[pri:0, instance:com.cs.arris.Tests.TC0012_Test_SignUp_And_Onboard_Satellite@55a147cc]" started-at="2022-03-25T11:12:21 IST" name="afterTest" finished-at="2022-03-25T11:12:21 IST" duration-ms="216" status="PASS">
          <reporter-output>
          </reporter-output>
        </test-method> <!-- afterTest -->
        <test-method is-config="true" signature="afterSuite()[pri:0, instance:com.cs.arris.Tests.TC0012_Test_SignUp_And_Onboard_Satellite@55a147cc]" started-at="2022-03-25T11:12:21 IST" name="afterSuite" finished-at="2022-03-25T11:12:21 IST" duration-ms="326" status="PASS">
          <reporter-output>
          </reporter-output>
        </test-method> <!-- afterSuite -->
      </class> <!-- com.cs.arris.Tests.TC0012_Test_SignUp_And_Onboard_Satellite -->
    </test> <!-- SignUp_And_Onboard_Satellite_Test -->
  </suite> <!-- Android : W31-OnBoarding -->
</testng-results>
