<?xml version="1.0" encoding="UTF-8"?>
<testng-results ignored="0" total="127" passed="124" failed="3" skipped="0">
  <reporter-output>
    <line>
      <![CDATA[<a href = /Users/rm2652/Documents/SBC_Android-CICD-Main4-Current/sbc-android-cicd/Screenshots/Android_ce071717bb59293c057e/2022-03-24/TC0011_Test_SignUp_Onboard_And_Test_SBC/Verify_Edit_User_Profile_Name.jpg>screenshot</a>]]>
    </line>
    <line>
      <![CDATA[<a href = /Users/rm2652/Documents/SBC_Android-CICD-Main4-Current/sbc-android-cicd/Screenshots/Android_ce071717bb59293c057e/2022-03-24/TC0011_Test_SignUp_Onboard_And_Test_SBC/Verify_Currently_Blocked_Users_After_Resuming_Internet_For_All_Users.jpg>screenshot</a>]]>
    </line>
    <line>
      <![CDATA[<a href = /Users/rm2652/Documents/SBC_Android-CICD-Main4-Current/sbc-android-cicd/Screenshots/Android_ce071717bb59293c057e/2022-03-24/TC0011_Test_SignUp_Onboard_And_Test_SBC/Verify_Device_Priority_Settings_Disable_Device_Prioritation.jpg>screenshot</a>]]>
    </line>
  </reporter-output>
  <suite started-at="2022-03-24T12:17:08 IST" name="Android : W31-OnBoarding" finished-at="2022-03-24T13:31:45 IST" duration-ms="4477000">
    <groups>
    </groups>
    <test started-at="2022-03-24T12:17:08 IST" name="SBC_Onboard_And_Feature_Test" finished-at="2022-03-24T13:31:45 IST" duration-ms="4477000">
      <class name="com.cs.arris.Tests.TC0011_Test_SignUp_Onboard_And_Test_SBC">
        <test-method is-config="true" signature="beforeSuite(java.lang.String,java.lang.String)[pri:0, instance:com.cs.arris.Tests.TC0011_Test_SignUp_Onboard_And_Test_SBC@1750fbeb]" started-at="2022-03-24T12:16:56 IST" name="beforeSuite" finished-at="2022-03-24T12:17:08 IST" duration-ms="11744" status="PASS">
          <params>
            <param index="0">
              <value>
                <![CDATA[Android]]>
              </value>
            </param>
            <param index="1">
              <value>
                <![CDATA[Android]]>
              </value>
            </param>
          </params>
          <reporter-output>
          </reporter-output>
        </test-method> <!-- beforeSuite -->
        <test-method is-config="true" signature="beforeTest()[pri:0, instance:com.cs.arris.Tests.TC0011_Test_SignUp_Onboard_And_Test_SBC@1750fbeb]" started-at="2022-03-24T12:17:08 IST" name="beforeTest" finished-at="2022-03-24T12:17:13 IST" duration-ms="4679" status="PASS">
          <reporter-output>
          </reporter-output>
        </test-method> <!-- beforeTest -->
        <test-method is-config="true" signature="beforeClass()[pri:0, instance:com.cs.arris.Tests.TC0011_Test_SignUp_Onboard_And_Test_SBC@1750fbeb]" started-at="2022-03-24T12:17:13 IST" name="beforeClass" finished-at="2022-03-24T12:17:13 IST" duration-ms="4" status="PASS">
          <reporter-output>
          </reporter-output>
        </test-method> <!-- beforeClass -->
        <test-method is-config="true" signature="beforeMethod()[pri:0, instance:com.cs.arris.Tests.TC0011_Test_SignUp_Onboard_And_Test_SBC@1750fbeb]" started-at="2022-03-24T12:17:13 IST" name="beforeMethod" finished-at="2022-03-24T12:17:14 IST" duration-ms="971" status="PASS">
          <reporter-output>
          </reporter-output>
        </test-method> <!-- beforeMethod -->
        <test-method is-config="true" signature="beforeMethod(java.lang.reflect.Method)[pri:0, instance:com.cs.arris.Tests.TC0011_Test_SignUp_Onboard_And_Test_SBC@1750fbeb]" started-at="2022-03-24T12:17:14 IST" name="beforeMethod" finished-at="2022-03-24T12:17:14 IST" duration-ms="2" status="PASS">
          <params>
            <param index="0">
              <value>
                <![CDATA[public void com.cs.arris.Tests.TC0011_Test_SignUp_Onboard_And_Test_SBC.Verify_SignUp_And_Onboard()]]>
              </value>
            </param>
          </params>
          <reporter-output>
          </reporter-output>
        </test-method> <!-- beforeMethod -->
        <test-method signature="Verify_SignUp_And_Onboard()[pri:1, instance:com.cs.arris.Tests.TC0011_Test_SignUp_Onboard_And_Test_SBC@1750fbeb]" started-at="2022-03-24T12:17:14 IST" name="Verify_SignUp_And_Onboard" finished-at="2022-03-24T12:26:01 IST" duration-ms="527051" status="PASS">
          <reporter-output>
          </reporter-output>
        </test-method> <!-- Verify_SignUp_And_Onboard -->
        <test-method is-config="true" signature="afterMethod(org.testng.ITestResult)[pri:0, instance:com.cs.arris.Tests.TC0011_Test_SignUp_Onboard_And_Test_SBC@1750fbeb]" started-at="2022-03-24T12:26:01 IST" name="afterMethod" finished-at="2022-03-24T12:26:07 IST" duration-ms="6282" status="PASS">
          <params>
            <param index="0">
              <value>
                <![CDATA[[TestResult name=Verify_SignUp_And_Onboard status=SUCCESS method=TC0011_Test_SignUp_Onboard_And_Test_SBC.Verify_SignUp_And_Onboard()[pri:1, instance:com.cs.arris.Tests.TC0011_Test_SignUp_Onboard_And_Test_SBC@1750fbeb] output={null}]]]>
              </value>
            </param>
          </params>
          <reporter-output>
          </reporter-output>
        </test-method> <!-- afterMethod -->
        <test-method is-config="true" signature="beforeMethod()[pri:0, instance:com.cs.arris.Tests.TC0011_Test_SignUp_Onboard_And_Test_SBC@1750fbeb]" started-at="2022-03-24T12:26:07 IST" name="beforeMethod" finished-at="2022-03-24T12:26:08 IST" duration-ms="1034" status="PASS">
          <reporter-output>
          </reporter-output>
        </test-method> <!-- beforeMethod -->
        <test-method is-config="true" signature="beforeMethod(java.lang.reflect.Method)[pri:0, instance:com.cs.arris.Tests.TC0011_Test_SignUp_Onboard_And_Test_SBC@1750fbeb]" started-at="2022-03-24T12:26:08 IST" name="beforeMethod" finished-at="2022-03-24T12:26:08 IST" duration-ms="1" status="PASS">
          <params>
            <param index="0">
              <value>
                <![CDATA[public void com.cs.arris.Tests.TC0011_Test_SignUp_Onboard_And_Test_SBC.Verify_Add_Device_Menu()]]>
              </value>
            </param>
          </params>
          <reporter-output>
          </reporter-output>
        </test-method> <!-- beforeMethod -->
        <test-method signature="Verify_Add_Device_Menu()[pri:2, instance:com.cs.arris.Tests.TC0011_Test_SignUp_Onboard_And_Test_SBC@1750fbeb]" started-at="2022-03-24T12:26:08 IST" name="Verify_Add_Device_Menu" finished-at="2022-03-24T12:28:45 IST" depends-on-methods="com.cs.arris.Tests.TC0011_Test_SignUp_Onboard_And_Test_SBC.Verify_SignUp_And_Onboard" duration-ms="157158" status="PASS">
          <reporter-output>
          </reporter-output>
        </test-method> <!-- Verify_Add_Device_Menu -->
        <test-method is-config="true" signature="afterMethod(org.testng.ITestResult)[pri:0, instance:com.cs.arris.Tests.TC0011_Test_SignUp_Onboard_And_Test_SBC@1750fbeb]" started-at="2022-03-24T12:28:45 IST" name="afterMethod" finished-at="2022-03-24T12:28:49 IST" duration-ms="3263" status="PASS">
          <params>
            <param index="0">
              <value>
                <![CDATA[[TestResult name=Verify_Add_Device_Menu status=SUCCESS method=TC0011_Test_SignUp_Onboard_And_Test_SBC.Verify_Add_Device_Menu()[pri:2, instance:com.cs.arris.Tests.TC0011_Test_SignUp_Onboard_And_Test_SBC@1750fbeb] output={null}]]]>
              </value>
            </param>
          </params>
          <reporter-output>
          </reporter-output>
        </test-method> <!-- afterMethod -->
        <test-method is-config="true" signature="beforeMethod()[pri:0, instance:com.cs.arris.Tests.TC0011_Test_SignUp_Onboard_And_Test_SBC@1750fbeb]" started-at="2022-03-24T12:28:49 IST" name="beforeMethod" finished-at="2022-03-24T12:28:50 IST" duration-ms="969" status="PASS">
          <reporter-output>
          </reporter-output>
        </test-method> <!-- beforeMethod -->
        <test-method is-config="true" signature="beforeMethod(java.lang.reflect.Method)[pri:0, instance:com.cs.arris.Tests.TC0011_Test_SignUp_Onboard_And_Test_SBC@1750fbeb]" started-at="2022-03-24T12:28:50 IST" name="beforeMethod" finished-at="2022-03-24T12:28:50 IST" duration-ms="1" status="PASS">
          <params>
            <param index="0">
              <value>
                <![CDATA[public void com.cs.arris.Tests.TC0011_Test_SignUp_Onboard_And_Test_SBC.Verify_Device_Details_Page()]]>
              </value>
            </param>
          </params>
          <reporter-output>
          </reporter-output>
        </test-method> <!-- beforeMethod -->
        <test-method signature="Verify_Device_Details_Page()[pri:4, instance:com.cs.arris.Tests.TC0011_Test_SignUp_Onboard_And_Test_SBC@1750fbeb]" started-at="2022-03-24T12:28:50 IST" name="Verify_Device_Details_Page" finished-at="2022-03-24T12:28:53 IST" depends-on-methods="com.cs.arris.Tests.TC0011_Test_SignUp_Onboard_And_Test_SBC.Verify_SignUp_And_Onboard, com.cs.arris.Tests.TC0011_Test_SignUp_Onboard_And_Test_SBC.Verify_Add_Device_Menu" duration-ms="3046" status="PASS">
          <reporter-output>
          </reporter-output>
        </test-method> <!-- Verify_Device_Details_Page -->
        <test-method is-config="true" signature="afterMethod(org.testng.ITestResult)[pri:0, instance:com.cs.arris.Tests.TC0011_Test_SignUp_Onboard_And_Test_SBC@1750fbeb]" started-at="2022-03-24T12:28:53 IST" name="afterMethod" finished-at="2022-03-24T12:28:54 IST" duration-ms="1043" status="PASS">
          <params>
            <param index="0">
              <value>
                <![CDATA[[TestResult name=Verify_Device_Details_Page status=SUCCESS method=TC0011_Test_SignUp_Onboard_And_Test_SBC.Verify_Device_Details_Page()[pri:4, instance:com.cs.arris.Tests.TC0011_Test_SignUp_Onboard_And_Test_SBC@1750fbeb] output={null}]]]>
              </value>
            </param>
          </params>
          <reporter-output>
          </reporter-output>
        </test-method> <!-- afterMethod -->
        <test-method is-config="true" signature="beforeMethod()[pri:0, instance:com.cs.arris.Tests.TC0011_Test_SignUp_Onboard_And_Test_SBC@1750fbeb]" started-at="2022-03-24T12:28:54 IST" name="beforeMethod" finished-at="2022-03-24T12:28:55 IST" duration-ms="967" status="PASS">
          <reporter-output>
          </reporter-output>
        </test-method> <!-- beforeMethod -->
        <test-method is-config="true" signature="beforeMethod(java.lang.reflect.Method)[pri:0, instance:com.cs.arris.Tests.TC0011_Test_SignUp_Onboard_And_Test_SBC@1750fbeb]" started-at="2022-03-24T12:28:55 IST" name="beforeMethod" finished-at="2022-03-24T12:28:55 IST" duration-ms="1" status="PASS">
          <params>
            <param index="0">
              <value>
                <![CDATA[public void com.cs.arris.Tests.TC0011_Test_SignUp_Onboard_And_Test_SBC.Verify_Specifications_Page()]]>
              </value>
            </param>
          </params>
          <reporter-output>
          </reporter-output>
        </test-method> <!-- beforeMethod -->
        <test-method signature="Verify_Specifications_Page()[pri:5, instance:com.cs.arris.Tests.TC0011_Test_SignUp_Onboard_And_Test_SBC@1750fbeb]" started-at="2022-03-24T12:28:55 IST" name="Verify_Specifications_Page" finished-at="2022-03-24T12:29:04 IST" depends-on-methods="com.cs.arris.Tests.TC0011_Test_SignUp_Onboard_And_Test_SBC.Verify_SignUp_And_Onboard, com.cs.arris.Tests.TC0011_Test_SignUp_Onboard_And_Test_SBC.Verify_Add_Device_Menu" duration-ms="8931" status="PASS">
          <reporter-output>
          </reporter-output>
        </test-method> <!-- Verify_Specifications_Page -->
        <test-method is-config="true" signature="afterMethod(org.testng.ITestResult)[pri:0, instance:com.cs.arris.Tests.TC0011_Test_SignUp_Onboard_And_Test_SBC@1750fbeb]" started-at="2022-03-24T12:29:04 IST" name="afterMethod" finished-at="2022-03-24T12:29:05 IST" duration-ms="1542" status="PASS">
          <params>
            <param index="0">
              <value>
                <![CDATA[[TestResult name=Verify_Specifications_Page status=SUCCESS method=TC0011_Test_SignUp_Onboard_And_Test_SBC.Verify_Specifications_Page()[pri:5, instance:com.cs.arris.Tests.TC0011_Test_SignUp_Onboard_And_Test_SBC@1750fbeb] output={null}]]]>
              </value>
            </param>
          </params>
          <reporter-output>
          </reporter-output>
        </test-method> <!-- afterMethod -->
        <test-method is-config="true" signature="beforeMethod()[pri:0, instance:com.cs.arris.Tests.TC0011_Test_SignUp_Onboard_And_Test_SBC@1750fbeb]" started-at="2022-03-24T12:29:05 IST" name="beforeMethod" finished-at="2022-03-24T12:29:06 IST" duration-ms="973" status="PASS">
          <reporter-output>
          </reporter-output>
        </test-method> <!-- beforeMethod -->
        <test-method signature="Verify_Add_Additional_Device()[pri:6, instance:com.cs.arris.Tests.TC0011_Test_SignUp_Onboard_And_Test_SBC@1750fbeb]" started-at="2022-03-24T12:29:06 IST" name="Verify_Add_Additional_Device" finished-at="2022-03-24T12:29:08 IST" depends-on-methods="com.cs.arris.Tests.TC0011_Test_SignUp_Onboard_And_Test_SBC.Verify_SignUp_And_Onboard, com.cs.arris.Tests.TC0011_Test_SignUp_Onboard_And_Test_SBC.Verify_Add_Device_Menu" duration-ms="2436" status="PASS">
          <reporter-output>
          </reporter-output>
        </test-method> <!-- Verify_Add_Additional_Device -->
        <test-method is-config="true" signature="beforeMethod(java.lang.reflect.Method)[pri:0, instance:com.cs.arris.Tests.TC0011_Test_SignUp_Onboard_And_Test_SBC@1750fbeb]" started-at="2022-03-24T12:29:06 IST" name="beforeMethod" finished-at="2022-03-24T12:29:06 IST" duration-ms="0" status="PASS">
          <params>
            <param index="0">
              <value>
                <![CDATA[public void com.cs.arris.Tests.TC0011_Test_SignUp_Onboard_And_Test_SBC.Verify_Add_Additional_Device()]]>
              </value>
            </param>
          </params>
          <reporter-output>
          </reporter-output>
        </test-method> <!-- beforeMethod -->
        <test-method is-config="true" signature="afterMethod(org.testng.ITestResult)[pri:0, instance:com.cs.arris.Tests.TC0011_Test_SignUp_Onboard_And_Test_SBC@1750fbeb]" started-at="2022-03-24T12:29:08 IST" name="afterMethod" finished-at="2022-03-24T12:29:10 IST" duration-ms="1283" status="PASS">
          <params>
            <param index="0">
              <value>
                <![CDATA[[TestResult name=Verify_Add_Additional_Device status=SUCCESS method=TC0011_Test_SignUp_Onboard_And_Test_SBC.Verify_Add_Additional_Device()[pri:6, instance:com.cs.arris.Tests.TC0011_Test_SignUp_Onboard_And_Test_SBC@1750fbeb] output={null}]]]>
              </value>
            </param>
          </params>
          <reporter-output>
          </reporter-output>
        </test-method> <!-- afterMethod -->
        <test-method is-config="true" signature="beforeMethod()[pri:0, instance:com.cs.arris.Tests.TC0011_Test_SignUp_Onboard_And_Test_SBC@1750fbeb]" started-at="2022-03-24T12:29:10 IST" name="beforeMethod" finished-at="2022-03-24T12:29:11 IST" duration-ms="970" status="PASS">
          <reporter-output>
          </reporter-output>
        </test-method> <!-- beforeMethod -->
        <test-method is-config="true" signature="beforeMethod(java.lang.reflect.Method)[pri:0, instance:com.cs.arris.Tests.TC0011_Test_SignUp_Onboard_And_Test_SBC@1750fbeb]" started-at="2022-03-24T12:29:11 IST" name="beforeMethod" finished-at="2022-03-24T12:29:11 IST" duration-ms="0" status="PASS">
          <params>
            <param index="0">
              <value>
                <![CDATA[public void com.cs.arris.Tests.TC0011_Test_SignUp_Onboard_And_Test_SBC.Verify_Notifications_Page()]]>
              </value>
            </param>
          </params>
          <reporter-output>
          </reporter-output>
        </test-method> <!-- beforeMethod -->
        <test-method signature="Verify_Notifications_Page()[pri:7, instance:com.cs.arris.Tests.TC0011_Test_SignUp_Onboard_And_Test_SBC@1750fbeb]" started-at="2022-03-24T12:29:11 IST" name="Verify_Notifications_Page" finished-at="2022-03-24T12:29:12 IST" depends-on-methods="com.cs.arris.Tests.TC0011_Test_SignUp_Onboard_And_Test_SBC.Verify_SignUp_And_Onboard, com.cs.arris.Tests.TC0011_Test_SignUp_Onboard_And_Test_SBC.Verify_Add_Device_Menu" duration-ms="1045" status="PASS">
          <reporter-output>
          </reporter-output>
        </test-method> <!-- Verify_Notifications_Page -->
        <test-method is-config="true" signature="afterMethod(org.testng.ITestResult)[pri:0, instance:com.cs.arris.Tests.TC0011_Test_SignUp_Onboard_And_Test_SBC@1750fbeb]" started-at="2022-03-24T12:29:12 IST" name="afterMethod" finished-at="2022-03-24T12:29:13 IST" duration-ms="1099" status="PASS">
          <params>
            <param index="0">
              <value>
                <![CDATA[[TestResult name=Verify_Notifications_Page status=SUCCESS method=TC0011_Test_SignUp_Onboard_And_Test_SBC.Verify_Notifications_Page()[pri:7, instance:com.cs.arris.Tests.TC0011_Test_SignUp_Onboard_And_Test_SBC@1750fbeb] output={null}]]]>
              </value>
            </param>
          </params>
          <reporter-output>
          </reporter-output>
        </test-method> <!-- afterMethod -->
        <test-method is-config="true" signature="beforeMethod()[pri:0, instance:com.cs.arris.Tests.TC0011_Test_SignUp_Onboard_And_Test_SBC@1750fbeb]" started-at="2022-03-24T12:29:13 IST" name="beforeMethod" finished-at="2022-03-24T12:29:14 IST" duration-ms="983" status="PASS">
          <reporter-output>
          </reporter-output>
        </test-method> <!-- beforeMethod -->
        <test-method is-config="true" signature="beforeMethod(java.lang.reflect.Method)[pri:0, instance:com.cs.arris.Tests.TC0011_Test_SignUp_Onboard_And_Test_SBC@1750fbeb]" started-at="2022-03-24T12:29:14 IST" name="beforeMethod" finished-at="2022-03-24T12:29:14 IST" duration-ms="0" status="PASS">
          <params>
            <param index="0">
              <value>
                <![CDATA[public void com.cs.arris.Tests.TC0011_Test_SignUp_Onboard_And_Test_SBC.Verify_User_Guide_Page()]]>
              </value>
            </param>
          </params>
          <reporter-output>
          </reporter-output>
        </test-method> <!-- beforeMethod -->
        <test-method signature="Verify_User_Guide_Page()[pri:8, instance:com.cs.arris.Tests.TC0011_Test_SignUp_Onboard_And_Test_SBC@1750fbeb]" started-at="2022-03-24T12:29:14 IST" name="Verify_User_Guide_Page" finished-at="2022-03-24T12:29:21 IST" depends-on-methods="com.cs.arris.Tests.TC0011_Test_SignUp_Onboard_And_Test_SBC.Verify_SignUp_And_Onboard, com.cs.arris.Tests.TC0011_Test_SignUp_Onboard_And_Test_SBC.Verify_Add_Device_Menu" duration-ms="7420" status="PASS">
          <reporter-output>
          </reporter-output>
        </test-method> <!-- Verify_User_Guide_Page -->
        <test-method is-config="true" signature="afterMethod(org.testng.ITestResult)[pri:0, instance:com.cs.arris.Tests.TC0011_Test_SignUp_Onboard_And_Test_SBC@1750fbeb]" started-at="2022-03-24T12:29:21 IST" name="afterMethod" finished-at="2022-03-24T12:29:23 IST" duration-ms="1417" status="PASS">
          <params>
            <param index="0">
              <value>
                <![CDATA[[TestResult name=Verify_User_Guide_Page status=SUCCESS method=TC0011_Test_SignUp_Onboard_And_Test_SBC.Verify_User_Guide_Page()[pri:8, instance:com.cs.arris.Tests.TC0011_Test_SignUp_Onboard_And_Test_SBC@1750fbeb] output={null}]]]>
              </value>
            </param>
          </params>
          <reporter-output>
          </reporter-output>
        </test-method> <!-- afterMethod -->
        <test-method is-config="true" signature="beforeMethod()[pri:0, instance:com.cs.arris.Tests.TC0011_Test_SignUp_Onboard_And_Test_SBC@1750fbeb]" started-at="2022-03-24T12:29:23 IST" name="beforeMethod" finished-at="2022-03-24T12:29:24 IST" duration-ms="995" status="PASS">
          <reporter-output>
          </reporter-output>
        </test-method> <!-- beforeMethod -->
        <test-method is-config="true" signature="beforeMethod(java.lang.reflect.Method)[pri:0, instance:com.cs.arris.Tests.TC0011_Test_SignUp_Onboard_And_Test_SBC@1750fbeb]" started-at="2022-03-24T12:29:24 IST" name="beforeMethod" finished-at="2022-03-24T12:29:24 IST" duration-ms="1" status="PASS">
          <params>
            <param index="0">
              <value>
                <![CDATA[public void com.cs.arris.Tests.TC0011_Test_SignUp_Onboard_And_Test_SBC.Verify_FAQ_Page()]]>
              </value>
            </param>
          </params>
          <reporter-output>
          </reporter-output>
        </test-method> <!-- beforeMethod -->
        <test-method signature="Verify_FAQ_Page()[pri:9, instance:com.cs.arris.Tests.TC0011_Test_SignUp_Onboard_And_Test_SBC@1750fbeb]" started-at="2022-03-24T12:29:24 IST" name="Verify_FAQ_Page" finished-at="2022-03-24T12:29:29 IST" depends-on-methods="com.cs.arris.Tests.TC0011_Test_SignUp_Onboard_And_Test_SBC.Verify_SignUp_And_Onboard, com.cs.arris.Tests.TC0011_Test_SignUp_Onboard_And_Test_SBC.Verify_Add_Device_Menu" duration-ms="5220" status="PASS">
          <reporter-output>
          </reporter-output>
        </test-method> <!-- Verify_FAQ_Page -->
        <test-method is-config="true" signature="afterMethod(org.testng.ITestResult)[pri:0, instance:com.cs.arris.Tests.TC0011_Test_SignUp_Onboard_And_Test_SBC@1750fbeb]" started-at="2022-03-24T12:29:29 IST" name="afterMethod" finished-at="2022-03-24T12:29:30 IST" duration-ms="1230" status="PASS">
          <params>
            <param index="0">
              <value>
                <![CDATA[[TestResult name=Verify_FAQ_Page status=SUCCESS method=TC0011_Test_SignUp_Onboard_And_Test_SBC.Verify_FAQ_Page()[pri:9, instance:com.cs.arris.Tests.TC0011_Test_SignUp_Onboard_And_Test_SBC@1750fbeb] output={null}]]]>
              </value>
            </param>
          </params>
          <reporter-output>
          </reporter-output>
        </test-method> <!-- afterMethod -->
        <test-method is-config="true" signature="beforeMethod()[pri:0, instance:com.cs.arris.Tests.TC0011_Test_SignUp_Onboard_And_Test_SBC@1750fbeb]" started-at="2022-03-24T12:29:30 IST" name="beforeMethod" finished-at="2022-03-24T12:29:31 IST" duration-ms="966" status="PASS">
          <reporter-output>
          </reporter-output>
        </test-method> <!-- beforeMethod -->
        <test-method is-config="true" signature="beforeMethod(java.lang.reflect.Method)[pri:0, instance:com.cs.arris.Tests.TC0011_Test_SignUp_Onboard_And_Test_SBC@1750fbeb]" started-at="2022-03-24T12:29:31 IST" name="beforeMethod" finished-at="2022-03-24T12:29:31 IST" duration-ms="0" status="PASS">
          <params>
            <param index="0">
              <value>
                <![CDATA[public void com.cs.arris.Tests.TC0011_Test_SignUp_Onboard_And_Test_SBC.Verify_Remove_Device_Page()]]>
              </value>
            </param>
          </params>
          <reporter-output>
          </reporter-output>
        </test-method> <!-- beforeMethod -->
        <test-method signature="Verify_Remove_Device_Page()[pri:10, instance:com.cs.arris.Tests.TC0011_Test_SignUp_Onboard_And_Test_SBC@1750fbeb]" started-at="2022-03-24T12:29:31 IST" name="Verify_Remove_Device_Page" finished-at="2022-03-24T12:29:41 IST" depends-on-methods="com.cs.arris.Tests.TC0011_Test_SignUp_Onboard_And_Test_SBC.Verify_SignUp_And_Onboard, com.cs.arris.Tests.TC0011_Test_SignUp_Onboard_And_Test_SBC.Verify_Add_Device_Menu" duration-ms="9695" status="PASS">
          <reporter-output>
          </reporter-output>
        </test-method> <!-- Verify_Remove_Device_Page -->
        <test-method is-config="true" signature="afterMethod(org.testng.ITestResult)[pri:0, instance:com.cs.arris.Tests.TC0011_Test_SignUp_Onboard_And_Test_SBC@1750fbeb]" started-at="2022-03-24T12:29:41 IST" name="afterMethod" finished-at="2022-03-24T12:29:42 IST" duration-ms="1499" status="PASS">
          <params>
            <param index="0">
              <value>
                <![CDATA[[TestResult name=Verify_Remove_Device_Page status=SUCCESS method=TC0011_Test_SignUp_Onboard_And_Test_SBC.Verify_Remove_Device_Page()[pri:10, instance:com.cs.arris.Tests.TC0011_Test_SignUp_Onboard_And_Test_SBC@1750fbeb] output={null}]]]>
              </value>
            </param>
          </params>
          <reporter-output>
          </reporter-output>
        </test-method> <!-- afterMethod -->
        <test-method is-config="true" signature="beforeMethod()[pri:0, instance:com.cs.arris.Tests.TC0011_Test_SignUp_Onboard_And_Test_SBC@1750fbeb]" started-at="2022-03-24T12:29:42 IST" name="beforeMethod" finished-at="2022-03-24T12:29:43 IST" duration-ms="999" status="PASS">
          <reporter-output>
          </reporter-output>
        </test-method> <!-- beforeMethod -->
        <test-method is-config="true" signature="beforeMethod(java.lang.reflect.Method)[pri:0, instance:com.cs.arris.Tests.TC0011_Test_SignUp_Onboard_And_Test_SBC@1750fbeb]" started-at="2022-03-24T12:29:43 IST" name="beforeMethod" finished-at="2022-03-24T12:29:43 IST" duration-ms="1" status="PASS">
          <params>
            <param index="0">
              <value>
                <![CDATA[public void com.cs.arris.Tests.TC0011_Test_SignUp_Onboard_And_Test_SBC.Verify_Hamburger_Menu_Settings_UI_Page()]]>
              </value>
            </param>
          </params>
          <reporter-output>
          </reporter-output>
        </test-method> <!-- beforeMethod -->
        <test-method signature="Verify_Hamburger_Menu_Settings_UI_Page()[pri:11, instance:com.cs.arris.Tests.TC0011_Test_SignUp_Onboard_And_Test_SBC@1750fbeb]" started-at="2022-03-24T12:29:43 IST" name="Verify_Hamburger_Menu_Settings_UI_Page" finished-at="2022-03-24T12:29:59 IST" depends-on-methods="com.cs.arris.Tests.TC0011_Test_SignUp_Onboard_And_Test_SBC.Verify_SignUp_And_Onboard" duration-ms="15195" status="PASS">
          <reporter-output>
          </reporter-output>
        </test-method> <!-- Verify_Hamburger_Menu_Settings_UI_Page -->
        <test-method is-config="true" signature="afterMethod(org.testng.ITestResult)[pri:0, instance:com.cs.arris.Tests.TC0011_Test_SignUp_Onboard_And_Test_SBC@1750fbeb]" started-at="2022-03-24T12:29:59 IST" name="afterMethod" finished-at="2022-03-24T12:30:00 IST" duration-ms="1322" status="PASS">
          <params>
            <param index="0">
              <value>
                <![CDATA[[TestResult name=Verify_Hamburger_Menu_Settings_UI_Page status=SUCCESS method=TC0011_Test_SignUp_Onboard_And_Test_SBC.Verify_Hamburger_Menu_Settings_UI_Page()[pri:11, instance:com.cs.arris.Tests.TC0011_Test_SignUp_Onboard_And_Test_SBC@1750fbeb] output={null}]]]>
              </value>
            </param>
          </params>
          <reporter-output>
          </reporter-output>
        </test-method> <!-- afterMethod -->
        <test-method is-config="true" signature="beforeMethod()[pri:0, instance:com.cs.arris.Tests.TC0011_Test_SignUp_Onboard_And_Test_SBC@1750fbeb]" started-at="2022-03-24T12:30:00 IST" name="beforeMethod" finished-at="2022-03-24T12:30:01 IST" duration-ms="975" status="PASS">
          <reporter-output>
          </reporter-output>
        </test-method> <!-- beforeMethod -->
        <test-method is-config="true" signature="beforeMethod(java.lang.reflect.Method)[pri:0, instance:com.cs.arris.Tests.TC0011_Test_SignUp_Onboard_And_Test_SBC@1750fbeb]" started-at="2022-03-24T12:30:01 IST" name="beforeMethod" finished-at="2022-03-24T12:30:01 IST" duration-ms="1" status="PASS">
          <params>
            <param index="0">
              <value>
                <![CDATA[public void com.cs.arris.Tests.TC0011_Test_SignUp_Onboard_And_Test_SBC.Verify_Hamburger_Menu_Settings_Sign_Out()]]>
              </value>
            </param>
          </params>
          <reporter-output>
          </reporter-output>
        </test-method> <!-- beforeMethod -->
        <test-method signature="Verify_Hamburger_Menu_Settings_Sign_Out()[pri:12, instance:com.cs.arris.Tests.TC0011_Test_SignUp_Onboard_And_Test_SBC@1750fbeb]" started-at="2022-03-24T12:30:01 IST" name="Verify_Hamburger_Menu_Settings_Sign_Out" finished-at="2022-03-24T12:30:07 IST" depends-on-methods="com.cs.arris.Tests.TC0011_Test_SignUp_Onboard_And_Test_SBC.Verify_SignUp_And_Onboard" duration-ms="6426" status="PASS">
          <reporter-output>
          </reporter-output>
        </test-method> <!-- Verify_Hamburger_Menu_Settings_Sign_Out -->
        <test-method is-config="true" signature="afterMethod(org.testng.ITestResult)[pri:0, instance:com.cs.arris.Tests.TC0011_Test_SignUp_Onboard_And_Test_SBC@1750fbeb]" started-at="2022-03-24T12:30:07 IST" name="afterMethod" finished-at="2022-03-24T12:30:09 IST" duration-ms="1484" status="PASS">
          <params>
            <param index="0">
              <value>
                <![CDATA[[TestResult name=Verify_Hamburger_Menu_Settings_Sign_Out status=SUCCESS method=TC0011_Test_SignUp_Onboard_And_Test_SBC.Verify_Hamburger_Menu_Settings_Sign_Out()[pri:12, instance:com.cs.arris.Tests.TC0011_Test_SignUp_Onboard_And_Test_SBC@1750fbeb] output={null}]]]>
              </value>
            </param>
          </params>
          <reporter-output>
          </reporter-output>
        </test-method> <!-- afterMethod -->
        <test-method is-config="true" signature="beforeMethod()[pri:0, instance:com.cs.arris.Tests.TC0011_Test_SignUp_Onboard_And_Test_SBC@1750fbeb]" started-at="2022-03-24T12:30:09 IST" name="beforeMethod" finished-at="2022-03-24T12:30:10 IST" duration-ms="964" status="PASS">
          <reporter-output>
          </reporter-output>
        </test-method> <!-- beforeMethod -->
        <test-method is-config="true" signature="beforeMethod(java.lang.reflect.Method)[pri:0, instance:com.cs.arris.Tests.TC0011_Test_SignUp_Onboard_And_Test_SBC@1750fbeb]" started-at="2022-03-24T12:30:10 IST" name="beforeMethod" finished-at="2022-03-24T12:30:10 IST" duration-ms="0" status="PASS">
          <params>
            <param index="0">
              <value>
                <![CDATA[public void com.cs.arris.Tests.TC0011_Test_SignUp_Onboard_And_Test_SBC.Verify_Hamburger_Menu_About_UI_Page()]]>
              </value>
            </param>
          </params>
          <reporter-output>
          </reporter-output>
        </test-method> <!-- beforeMethod -->
        <test-method signature="Verify_Hamburger_Menu_About_UI_Page()[pri:14, instance:com.cs.arris.Tests.TC0011_Test_SignUp_Onboard_And_Test_SBC@1750fbeb]" started-at="2022-03-24T12:30:10 IST" name="Verify_Hamburger_Menu_About_UI_Page" finished-at="2022-03-24T12:30:13 IST" depends-on-methods="com.cs.arris.Tests.TC0011_Test_SignUp_Onboard_And_Test_SBC.Verify_SignUp_And_Onboard" duration-ms="3530" status="PASS">
          <reporter-output>
          </reporter-output>
        </test-method> <!-- Verify_Hamburger_Menu_About_UI_Page -->
        <test-method is-config="true" signature="afterMethod(org.testng.ITestResult)[pri:0, instance:com.cs.arris.Tests.TC0011_Test_SignUp_Onboard_And_Test_SBC@1750fbeb]" started-at="2022-03-24T12:30:13 IST" name="afterMethod" finished-at="2022-03-24T12:30:14 IST" duration-ms="1204" status="PASS">
          <params>
            <param index="0">
              <value>
                <![CDATA[[TestResult name=Verify_Hamburger_Menu_About_UI_Page status=SUCCESS method=TC0011_Test_SignUp_Onboard_And_Test_SBC.Verify_Hamburger_Menu_About_UI_Page()[pri:14, instance:com.cs.arris.Tests.TC0011_Test_SignUp_Onboard_And_Test_SBC@1750fbeb] output={null}]]]>
              </value>
            </param>
          </params>
          <reporter-output>
          </reporter-output>
        </test-method> <!-- afterMethod -->
        <test-method is-config="true" signature="beforeMethod()[pri:0, instance:com.cs.arris.Tests.TC0011_Test_SignUp_Onboard_And_Test_SBC@1750fbeb]" started-at="2022-03-24T12:30:14 IST" name="beforeMethod" finished-at="2022-03-24T12:30:15 IST" duration-ms="972" status="PASS">
          <reporter-output>
          </reporter-output>
        </test-method> <!-- beforeMethod -->
        <test-method is-config="true" signature="beforeMethod(java.lang.reflect.Method)[pri:0, instance:com.cs.arris.Tests.TC0011_Test_SignUp_Onboard_And_Test_SBC@1750fbeb]" started-at="2022-03-24T12:30:15 IST" name="beforeMethod" finished-at="2022-03-24T12:30:15 IST" duration-ms="1" status="PASS">
          <params>
            <param index="0">
              <value>
                <![CDATA[public void com.cs.arris.Tests.TC0011_Test_SignUp_Onboard_And_Test_SBC.Verify_Hamburger_Menu_About_License_Page()]]>
              </value>
            </param>
          </params>
          <reporter-output>
          </reporter-output>
        </test-method> <!-- beforeMethod -->
        <test-method signature="Verify_Hamburger_Menu_About_License_Page()[pri:15, instance:com.cs.arris.Tests.TC0011_Test_SignUp_Onboard_And_Test_SBC@1750fbeb]" started-at="2022-03-24T12:30:15 IST" name="Verify_Hamburger_Menu_About_License_Page" finished-at="2022-03-24T12:30:24 IST" depends-on-methods="com.cs.arris.Tests.TC0011_Test_SignUp_Onboard_And_Test_SBC.Verify_SignUp_And_Onboard" duration-ms="8888" status="PASS">
          <reporter-output>
          </reporter-output>
        </test-method> <!-- Verify_Hamburger_Menu_About_License_Page -->
        <test-method is-config="true" signature="afterMethod(org.testng.ITestResult)[pri:0, instance:com.cs.arris.Tests.TC0011_Test_SignUp_Onboard_And_Test_SBC@1750fbeb]" started-at="2022-03-24T12:30:24 IST" name="afterMethod" finished-at="2022-03-24T12:30:26 IST" duration-ms="1270" status="PASS">
          <params>
            <param index="0">
              <value>
                <![CDATA[[TestResult name=Verify_Hamburger_Menu_About_License_Page status=SUCCESS method=TC0011_Test_SignUp_Onboard_And_Test_SBC.Verify_Hamburger_Menu_About_License_Page()[pri:15, instance:com.cs.arris.Tests.TC0011_Test_SignUp_Onboard_And_Test_SBC@1750fbeb] output={null}]]]>
              </value>
            </param>
          </params>
          <reporter-output>
          </reporter-output>
        </test-method> <!-- afterMethod -->
        <test-method is-config="true" signature="beforeMethod()[pri:0, instance:com.cs.arris.Tests.TC0011_Test_SignUp_Onboard_And_Test_SBC@1750fbeb]" started-at="2022-03-24T12:30:26 IST" name="beforeMethod" finished-at="2022-03-24T12:30:27 IST" duration-ms="1033" status="PASS">
          <reporter-output>
          </reporter-output>
        </test-method> <!-- beforeMethod -->
        <test-method is-config="true" signature="beforeMethod(java.lang.reflect.Method)[pri:0, instance:com.cs.arris.Tests.TC0011_Test_SignUp_Onboard_And_Test_SBC@1750fbeb]" started-at="2022-03-24T12:30:27 IST" name="beforeMethod" finished-at="2022-03-24T12:30:27 IST" duration-ms="1" status="PASS">
          <params>
            <param index="0">
              <value>
                <![CDATA[public void com.cs.arris.Tests.TC0011_Test_SignUp_Onboard_And_Test_SBC.Verify_Hamburger_Get_Another_Max_Page()]]>
              </value>
            </param>
          </params>
          <reporter-output>
          </reporter-output>
        </test-method> <!-- beforeMethod -->
        <test-method signature="Verify_Hamburger_Get_Another_Max_Page()[pri:16, instance:com.cs.arris.Tests.TC0011_Test_SignUp_Onboard_And_Test_SBC@1750fbeb]" started-at="2022-03-24T12:30:27 IST" name="Verify_Hamburger_Get_Another_Max_Page" finished-at="2022-03-24T12:30:34 IST" depends-on-methods="com.cs.arris.Tests.TC0011_Test_SignUp_Onboard_And_Test_SBC.Verify_SignUp_And_Onboard" duration-ms="7609" status="PASS">
          <reporter-output>
          </reporter-output>
        </test-method> <!-- Verify_Hamburger_Get_Another_Max_Page -->
        <test-method is-config="true" signature="afterMethod(org.testng.ITestResult)[pri:0, instance:com.cs.arris.Tests.TC0011_Test_SignUp_Onboard_And_Test_SBC@1750fbeb]" started-at="2022-03-24T12:30:34 IST" name="afterMethod" finished-at="2022-03-24T12:30:36 IST" duration-ms="1478" status="PASS">
          <params>
            <param index="0">
              <value>
                <![CDATA[[TestResult name=Verify_Hamburger_Get_Another_Max_Page status=SUCCESS method=TC0011_Test_SignUp_Onboard_And_Test_SBC.Verify_Hamburger_Get_Another_Max_Page()[pri:16, instance:com.cs.arris.Tests.TC0011_Test_SignUp_Onboard_And_Test_SBC@1750fbeb] output={null}]]]>
              </value>
            </param>
          </params>
          <reporter-output>
          </reporter-output>
        </test-method> <!-- afterMethod -->
        <test-method is-config="true" signature="beforeMethod()[pri:0, instance:com.cs.arris.Tests.TC0011_Test_SignUp_Onboard_And_Test_SBC@1750fbeb]" started-at="2022-03-24T12:30:36 IST" name="beforeMethod" finished-at="2022-03-24T12:30:37 IST" duration-ms="1049" status="PASS">
          <reporter-output>
          </reporter-output>
        </test-method> <!-- beforeMethod -->
        <test-method is-config="true" signature="beforeMethod(java.lang.reflect.Method)[pri:0, instance:com.cs.arris.Tests.TC0011_Test_SignUp_Onboard_And_Test_SBC@1750fbeb]" started-at="2022-03-24T12:30:37 IST" name="beforeMethod" finished-at="2022-03-24T12:30:37 IST" duration-ms="1" status="PASS">
          <params>
            <param index="0">
              <value>
                <![CDATA[public void com.cs.arris.Tests.TC0011_Test_SignUp_Onboard_And_Test_SBC.Verify_Hamburger_Surfboard_Help_UI_Page()]]>
              </value>
            </param>
          </params>
          <reporter-output>
          </reporter-output>
        </test-method> <!-- beforeMethod -->
        <test-method signature="Verify_Hamburger_Surfboard_Help_UI_Page()[pri:18, instance:com.cs.arris.Tests.TC0011_Test_SignUp_Onboard_And_Test_SBC@1750fbeb]" started-at="2022-03-24T12:30:37 IST" name="Verify_Hamburger_Surfboard_Help_UI_Page" finished-at="2022-03-24T12:30:41 IST" duration-ms="4647" status="PASS">
          <reporter-output>
          </reporter-output>
        </test-method> <!-- Verify_Hamburger_Surfboard_Help_UI_Page -->
        <test-method is-config="true" signature="afterMethod(org.testng.ITestResult)[pri:0, instance:com.cs.arris.Tests.TC0011_Test_SignUp_Onboard_And_Test_SBC@1750fbeb]" started-at="2022-03-24T12:30:41 IST" name="afterMethod" finished-at="2022-03-24T12:30:43 IST" duration-ms="1376" status="PASS">
          <params>
            <param index="0">
              <value>
                <![CDATA[[TestResult name=Verify_Hamburger_Surfboard_Help_UI_Page status=SUCCESS method=TC0011_Test_SignUp_Onboard_And_Test_SBC.Verify_Hamburger_Surfboard_Help_UI_Page()[pri:18, instance:com.cs.arris.Tests.TC0011_Test_SignUp_Onboard_And_Test_SBC@1750fbeb] output={null}]]]>
              </value>
            </param>
          </params>
          <reporter-output>
          </reporter-output>
        </test-method> <!-- afterMethod -->
        <test-method is-config="true" signature="beforeMethod()[pri:0, instance:com.cs.arris.Tests.TC0011_Test_SignUp_Onboard_And_Test_SBC@1750fbeb]" started-at="2022-03-24T12:30:43 IST" name="beforeMethod" finished-at="2022-03-24T12:30:44 IST" duration-ms="978" status="PASS">
          <reporter-output>
          </reporter-output>
        </test-method> <!-- beforeMethod -->
        <test-method is-config="true" signature="beforeMethod(java.lang.reflect.Method)[pri:0, instance:com.cs.arris.Tests.TC0011_Test_SignUp_Onboard_And_Test_SBC@1750fbeb]" started-at="2022-03-24T12:30:44 IST" name="beforeMethod" finished-at="2022-03-24T12:30:44 IST" duration-ms="1" status="PASS">
          <params>
            <param index="0">
              <value>
                <![CDATA[public void com.cs.arris.Tests.TC0011_Test_SignUp_Onboard_And_Test_SBC.Verify_Hamburger_Surfboard_FAQ_Help_Page()]]>
              </value>
            </param>
          </params>
          <reporter-output>
          </reporter-output>
        </test-method> <!-- beforeMethod -->
        <test-method signature="Verify_Hamburger_Surfboard_FAQ_Help_Page()[pri:19, instance:com.cs.arris.Tests.TC0011_Test_SignUp_Onboard_And_Test_SBC@1750fbeb]" started-at="2022-03-24T12:30:44 IST" name="Verify_Hamburger_Surfboard_FAQ_Help_Page" finished-at="2022-03-24T12:30:52 IST" depends-on-methods="com.cs.arris.Tests.TC0011_Test_SignUp_Onboard_And_Test_SBC.Verify_SignUp_And_Onboard" duration-ms="8425" status="PASS">
          <reporter-output>
          </reporter-output>
        </test-method> <!-- Verify_Hamburger_Surfboard_FAQ_Help_Page -->
        <test-method is-config="true" signature="afterMethod(org.testng.ITestResult)[pri:0, instance:com.cs.arris.Tests.TC0011_Test_SignUp_Onboard_And_Test_SBC@1750fbeb]" started-at="2022-03-24T12:30:52 IST" name="afterMethod" finished-at="2022-03-24T12:30:53 IST" duration-ms="1230" status="PASS">
          <params>
            <param index="0">
              <value>
                <![CDATA[[TestResult name=Verify_Hamburger_Surfboard_FAQ_Help_Page status=SUCCESS method=TC0011_Test_SignUp_Onboard_And_Test_SBC.Verify_Hamburger_Surfboard_FAQ_Help_Page()[pri:19, instance:com.cs.arris.Tests.TC0011_Test_SignUp_Onboard_And_Test_SBC@1750fbeb] output={null}]]]>
              </value>
            </param>
          </params>
          <reporter-output>
          </reporter-output>
        </test-method> <!-- afterMethod -->
        <test-method is-config="true" signature="beforeMethod()[pri:0, instance:com.cs.arris.Tests.TC0011_Test_SignUp_Onboard_And_Test_SBC@1750fbeb]" started-at="2022-03-24T12:30:53 IST" name="beforeMethod" finished-at="2022-03-24T12:30:54 IST" duration-ms="1021" status="PASS">
          <reporter-output>
          </reporter-output>
        </test-method> <!-- beforeMethod -->
        <test-method is-config="true" signature="beforeMethod(java.lang.reflect.Method)[pri:0, instance:com.cs.arris.Tests.TC0011_Test_SignUp_Onboard_And_Test_SBC@1750fbeb]" started-at="2022-03-24T12:30:54 IST" name="beforeMethod" finished-at="2022-03-24T12:30:54 IST" duration-ms="1" status="PASS">
          <params>
            <param index="0">
              <value>
                <![CDATA[public void com.cs.arris.Tests.TC0011_Test_SignUp_Onboard_And_Test_SBC.Verify_Hamburger_Surfboard_Self_Help_Page()]]>
              </value>
            </param>
          </params>
          <reporter-output>
          </reporter-output>
        </test-method> <!-- beforeMethod -->
        <test-method signature="Verify_Hamburger_Surfboard_Self_Help_Page()[pri:20, instance:com.cs.arris.Tests.TC0011_Test_SignUp_Onboard_And_Test_SBC@1750fbeb]" started-at="2022-03-24T12:30:54 IST" name="Verify_Hamburger_Surfboard_Self_Help_Page" finished-at="2022-03-24T12:31:00 IST" depends-on-methods="com.cs.arris.Tests.TC0011_Test_SignUp_Onboard_And_Test_SBC.Verify_SignUp_And_Onboard" duration-ms="5981" status="PASS">
          <reporter-output>
          </reporter-output>
        </test-method> <!-- Verify_Hamburger_Surfboard_Self_Help_Page -->
        <test-method is-config="true" signature="afterMethod(org.testng.ITestResult)[pri:0, instance:com.cs.arris.Tests.TC0011_Test_SignUp_Onboard_And_Test_SBC@1750fbeb]" started-at="2022-03-24T12:31:00 IST" name="afterMethod" finished-at="2022-03-24T12:31:02 IST" duration-ms="1140" status="PASS">
          <params>
            <param index="0">
              <value>
                <![CDATA[[TestResult name=Verify_Hamburger_Surfboard_Self_Help_Page status=SUCCESS method=TC0011_Test_SignUp_Onboard_And_Test_SBC.Verify_Hamburger_Surfboard_Self_Help_Page()[pri:20, instance:com.cs.arris.Tests.TC0011_Test_SignUp_Onboard_And_Test_SBC@1750fbeb] output={null}]]]>
              </value>
            </param>
          </params>
          <reporter-output>
          </reporter-output>
        </test-method> <!-- afterMethod -->
        <test-method is-config="true" signature="beforeMethod()[pri:0, instance:com.cs.arris.Tests.TC0011_Test_SignUp_Onboard_And_Test_SBC@1750fbeb]" started-at="2022-03-24T12:31:02 IST" name="beforeMethod" finished-at="2022-03-24T12:31:03 IST" duration-ms="1034" status="PASS">
          <reporter-output>
          </reporter-output>
        </test-method> <!-- beforeMethod -->
        <test-method is-config="true" signature="beforeMethod(java.lang.reflect.Method)[pri:0, instance:com.cs.arris.Tests.TC0011_Test_SignUp_Onboard_And_Test_SBC@1750fbeb]" started-at="2022-03-24T12:31:03 IST" name="beforeMethod" finished-at="2022-03-24T12:31:03 IST" duration-ms="1" status="PASS">
          <params>
            <param index="0">
              <value>
                <![CDATA[public void com.cs.arris.Tests.TC0011_Test_SignUp_Onboard_And_Test_SBC.Verify_Hamburger_Surfboard_Chat_With_US_Page()]]>
              </value>
            </param>
          </params>
          <reporter-output>
          </reporter-output>
        </test-method> <!-- beforeMethod -->
        <test-method signature="Verify_Hamburger_Surfboard_Chat_With_US_Page()[pri:21, instance:com.cs.arris.Tests.TC0011_Test_SignUp_Onboard_And_Test_SBC@1750fbeb]" started-at="2022-03-24T12:31:03 IST" name="Verify_Hamburger_Surfboard_Chat_With_US_Page" finished-at="2022-03-24T12:31:10 IST" depends-on-methods="com.cs.arris.Tests.TC0011_Test_SignUp_Onboard_And_Test_SBC.Verify_SignUp_And_Onboard" duration-ms="7389" status="PASS">
          <reporter-output>
          </reporter-output>
        </test-method> <!-- Verify_Hamburger_Surfboard_Chat_With_US_Page -->
        <test-method is-config="true" signature="afterMethod(org.testng.ITestResult)[pri:0, instance:com.cs.arris.Tests.TC0011_Test_SignUp_Onboard_And_Test_SBC@1750fbeb]" started-at="2022-03-24T12:31:10 IST" name="afterMethod" finished-at="2022-03-24T12:31:11 IST" duration-ms="1433" status="PASS">
          <params>
            <param index="0">
              <value>
                <![CDATA[[TestResult name=Verify_Hamburger_Surfboard_Chat_With_US_Page status=SUCCESS method=TC0011_Test_SignUp_Onboard_And_Test_SBC.Verify_Hamburger_Surfboard_Chat_With_US_Page()[pri:21, instance:com.cs.arris.Tests.TC0011_Test_SignUp_Onboard_And_Test_SBC@1750fbeb] output={null}]]]>
              </value>
            </param>
          </params>
          <reporter-output>
          </reporter-output>
        </test-method> <!-- afterMethod -->
        <test-method is-config="true" signature="beforeMethod()[pri:0, instance:com.cs.arris.Tests.TC0011_Test_SignUp_Onboard_And_Test_SBC@1750fbeb]" started-at="2022-03-24T12:31:11 IST" name="beforeMethod" finished-at="2022-03-24T12:31:12 IST" duration-ms="982" status="PASS">
          <reporter-output>
          </reporter-output>
        </test-method> <!-- beforeMethod -->
        <test-method is-config="true" signature="beforeMethod(java.lang.reflect.Method)[pri:0, instance:com.cs.arris.Tests.TC0011_Test_SignUp_Onboard_And_Test_SBC@1750fbeb]" started-at="2022-03-24T12:31:12 IST" name="beforeMethod" finished-at="2022-03-24T12:31:12 IST" duration-ms="1" status="PASS">
          <params>
            <param index="0">
              <value>
                <![CDATA[public void com.cs.arris.Tests.TC0011_Test_SignUp_Onboard_And_Test_SBC.Verify_Amazon_Features_UI_Page()]]>
              </value>
            </param>
          </params>
          <reporter-output>
          </reporter-output>
        </test-method> <!-- beforeMethod -->
        <test-method signature="Verify_Amazon_Features_UI_Page()[pri:22, instance:com.cs.arris.Tests.TC0011_Test_SignUp_Onboard_And_Test_SBC@1750fbeb]" started-at="2022-03-24T12:31:12 IST" name="Verify_Amazon_Features_UI_Page" finished-at="2022-03-24T12:31:46 IST" depends-on-methods="com.cs.arris.Tests.TC0011_Test_SignUp_Onboard_And_Test_SBC.Verify_SignUp_And_Onboard" duration-ms="33753" status="PASS">
          <reporter-output>
          </reporter-output>
        </test-method> <!-- Verify_Amazon_Features_UI_Page -->
        <test-method is-config="true" signature="afterMethod(org.testng.ITestResult)[pri:0, instance:com.cs.arris.Tests.TC0011_Test_SignUp_Onboard_And_Test_SBC@1750fbeb]" started-at="2022-03-24T12:31:46 IST" name="afterMethod" finished-at="2022-03-24T12:31:47 IST" duration-ms="1144" status="PASS">
          <params>
            <param index="0">
              <value>
                <![CDATA[[TestResult name=Verify_Amazon_Features_UI_Page status=SUCCESS method=TC0011_Test_SignUp_Onboard_And_Test_SBC.Verify_Amazon_Features_UI_Page()[pri:22, instance:com.cs.arris.Tests.TC0011_Test_SignUp_Onboard_And_Test_SBC@1750fbeb] output={null}]]]>
              </value>
            </param>
          </params>
          <reporter-output>
          </reporter-output>
        </test-method> <!-- afterMethod -->
        <test-method is-config="true" signature="beforeMethod()[pri:0, instance:com.cs.arris.Tests.TC0011_Test_SignUp_Onboard_And_Test_SBC@1750fbeb]" started-at="2022-03-24T12:31:47 IST" name="beforeMethod" finished-at="2022-03-24T12:31:48 IST" duration-ms="982" status="PASS">
          <reporter-output>
          </reporter-output>
        </test-method> <!-- beforeMethod -->
        <test-method signature="Verify_Get_Alexa_Skills_Drop_Down_Box()[pri:23, instance:com.cs.arris.Tests.TC0011_Test_SignUp_Onboard_And_Test_SBC@1750fbeb]" started-at="2022-03-24T12:31:48 IST" name="Verify_Get_Alexa_Skills_Drop_Down_Box" finished-at="2022-03-24T12:31:50 IST" depends-on-methods="com.cs.arris.Tests.TC0011_Test_SignUp_Onboard_And_Test_SBC.Verify_SignUp_And_Onboard" duration-ms="1542" status="PASS">
          <reporter-output>
          </reporter-output>
        </test-method> <!-- Verify_Get_Alexa_Skills_Drop_Down_Box -->
        <test-method is-config="true" signature="beforeMethod(java.lang.reflect.Method)[pri:0, instance:com.cs.arris.Tests.TC0011_Test_SignUp_Onboard_And_Test_SBC@1750fbeb]" started-at="2022-03-24T12:31:48 IST" name="beforeMethod" finished-at="2022-03-24T12:31:48 IST" duration-ms="0" status="PASS">
          <params>
            <param index="0">
              <value>
                <![CDATA[public void com.cs.arris.Tests.TC0011_Test_SignUp_Onboard_And_Test_SBC.Verify_Get_Alexa_Skills_Drop_Down_Box()]]>
              </value>
            </param>
          </params>
          <reporter-output>
          </reporter-output>
        </test-method> <!-- beforeMethod -->
        <test-method is-config="true" signature="afterMethod(org.testng.ITestResult)[pri:0, instance:com.cs.arris.Tests.TC0011_Test_SignUp_Onboard_And_Test_SBC@1750fbeb]" started-at="2022-03-24T12:31:50 IST" name="afterMethod" finished-at="2022-03-24T12:31:51 IST" duration-ms="1185" status="PASS">
          <params>
            <param index="0">
              <value>
                <![CDATA[[TestResult name=Verify_Get_Alexa_Skills_Drop_Down_Box status=SUCCESS method=TC0011_Test_SignUp_Onboard_And_Test_SBC.Verify_Get_Alexa_Skills_Drop_Down_Box()[pri:23, instance:com.cs.arris.Tests.TC0011_Test_SignUp_Onboard_And_Test_SBC@1750fbeb] output={null}]]]>
              </value>
            </param>
          </params>
          <reporter-output>
          </reporter-output>
        </test-method> <!-- afterMethod -->
        <test-method is-config="true" signature="beforeMethod()[pri:0, instance:com.cs.arris.Tests.TC0011_Test_SignUp_Onboard_And_Test_SBC@1750fbeb]" started-at="2022-03-24T12:31:51 IST" name="beforeMethod" finished-at="2022-03-24T12:31:52 IST" duration-ms="986" status="PASS">
          <reporter-output>
          </reporter-output>
        </test-method> <!-- beforeMethod -->
        <test-method signature="Verify_Show_Password_Button()[pri:24, instance:com.cs.arris.Tests.TC0011_Test_SignUp_Onboard_And_Test_SBC@1750fbeb]" started-at="2022-03-24T12:31:52 IST" name="Verify_Show_Password_Button" finished-at="2022-03-24T12:31:53 IST" depends-on-methods="com.cs.arris.Tests.TC0011_Test_SignUp_Onboard_And_Test_SBC.Verify_SignUp_And_Onboard" duration-ms="977" status="PASS">
          <reporter-output>
          </reporter-output>
        </test-method> <!-- Verify_Show_Password_Button -->
        <test-method is-config="true" signature="beforeMethod(java.lang.reflect.Method)[pri:0, instance:com.cs.arris.Tests.TC0011_Test_SignUp_Onboard_And_Test_SBC@1750fbeb]" started-at="2022-03-24T12:31:52 IST" name="beforeMethod" finished-at="2022-03-24T12:31:52 IST" duration-ms="0" status="PASS">
          <params>
            <param index="0">
              <value>
                <![CDATA[public void com.cs.arris.Tests.TC0011_Test_SignUp_Onboard_And_Test_SBC.Verify_Show_Password_Button()]]>
              </value>
            </param>
          </params>
          <reporter-output>
          </reporter-output>
        </test-method> <!-- beforeMethod -->
        <test-method is-config="true" signature="afterMethod(org.testng.ITestResult)[pri:0, instance:com.cs.arris.Tests.TC0011_Test_SignUp_Onboard_And_Test_SBC@1750fbeb]" started-at="2022-03-24T12:31:53 IST" name="afterMethod" finished-at="2022-03-24T12:31:54 IST" duration-ms="1202" status="PASS">
          <params>
            <param index="0">
              <value>
                <![CDATA[[TestResult name=Verify_Show_Password_Button status=SUCCESS method=TC0011_Test_SignUp_Onboard_And_Test_SBC.Verify_Show_Password_Button()[pri:24, instance:com.cs.arris.Tests.TC0011_Test_SignUp_Onboard_And_Test_SBC@1750fbeb] output={null}]]]>
              </value>
            </param>
          </params>
          <reporter-output>
          </reporter-output>
        </test-method> <!-- afterMethod -->
        <test-method is-config="true" signature="beforeMethod()[pri:0, instance:com.cs.arris.Tests.TC0011_Test_SignUp_Onboard_And_Test_SBC@1750fbeb]" started-at="2022-03-24T12:31:54 IST" name="beforeMethod" finished-at="2022-03-24T12:31:55 IST" duration-ms="947" status="PASS">
          <reporter-output>
          </reporter-output>
        </test-method> <!-- beforeMethod -->
        <test-method is-config="true" signature="beforeMethod(java.lang.reflect.Method)[pri:0, instance:com.cs.arris.Tests.TC0011_Test_SignUp_Onboard_And_Test_SBC@1750fbeb]" started-at="2022-03-24T12:31:55 IST" name="beforeMethod" finished-at="2022-03-24T12:31:55 IST" duration-ms="0" status="PASS">
          <params>
            <param index="0">
              <value>
                <![CDATA[public void com.cs.arris.Tests.TC0011_Test_SignUp_Onboard_And_Test_SBC.Verify_Copy_Password()]]>
              </value>
            </param>
          </params>
          <reporter-output>
          </reporter-output>
        </test-method> <!-- beforeMethod -->
        <test-method signature="Verify_Copy_Password()[pri:25, instance:com.cs.arris.Tests.TC0011_Test_SignUp_Onboard_And_Test_SBC@1750fbeb]" started-at="2022-03-24T12:31:55 IST" name="Verify_Copy_Password" finished-at="2022-03-24T12:31:56 IST" depends-on-methods="com.cs.arris.Tests.TC0011_Test_SignUp_Onboard_And_Test_SBC.Verify_SignUp_And_Onboard" duration-ms="1000" status="PASS">
          <reporter-output>
          </reporter-output>
        </test-method> <!-- Verify_Copy_Password -->
        <test-method is-config="true" signature="afterMethod(org.testng.ITestResult)[pri:0, instance:com.cs.arris.Tests.TC0011_Test_SignUp_Onboard_And_Test_SBC@1750fbeb]" started-at="2022-03-24T12:31:56 IST" name="afterMethod" finished-at="2022-03-24T12:31:57 IST" duration-ms="610" status="PASS">
          <params>
            <param index="0">
              <value>
                <![CDATA[[TestResult name=Verify_Copy_Password status=SUCCESS method=TC0011_Test_SignUp_Onboard_And_Test_SBC.Verify_Copy_Password()[pri:25, instance:com.cs.arris.Tests.TC0011_Test_SignUp_Onboard_And_Test_SBC@1750fbeb] output={null}]]]>
              </value>
            </param>
          </params>
          <reporter-output>
          </reporter-output>
        </test-method> <!-- afterMethod -->
        <test-method is-config="true" signature="beforeMethod()[pri:0, instance:com.cs.arris.Tests.TC0011_Test_SignUp_Onboard_And_Test_SBC@1750fbeb]" started-at="2022-03-24T12:31:57 IST" name="beforeMethod" finished-at="2022-03-24T12:31:58 IST" duration-ms="973" status="PASS">
          <reporter-output>
          </reporter-output>
        </test-method> <!-- beforeMethod -->
        <test-method signature="Verify_Amazon_Alexa_Skills_Link()[pri:26, instance:com.cs.arris.Tests.TC0011_Test_SignUp_Onboard_And_Test_SBC@1750fbeb]" started-at="2022-03-24T12:31:58 IST" name="Verify_Amazon_Alexa_Skills_Link" finished-at="2022-03-24T12:32:18 IST" depends-on-methods="com.cs.arris.Tests.TC0011_Test_SignUp_Onboard_And_Test_SBC.Verify_SignUp_And_Onboard" duration-ms="20249" status="PASS">
          <reporter-output>
          </reporter-output>
        </test-method> <!-- Verify_Amazon_Alexa_Skills_Link -->
        <test-method is-config="true" signature="beforeMethod(java.lang.reflect.Method)[pri:0, instance:com.cs.arris.Tests.TC0011_Test_SignUp_Onboard_And_Test_SBC@1750fbeb]" started-at="2022-03-24T12:31:58 IST" name="beforeMethod" finished-at="2022-03-24T12:31:58 IST" duration-ms="0" status="PASS">
          <params>
            <param index="0">
              <value>
                <![CDATA[public void com.cs.arris.Tests.TC0011_Test_SignUp_Onboard_And_Test_SBC.Verify_Amazon_Alexa_Skills_Link()]]>
              </value>
            </param>
          </params>
          <reporter-output>
          </reporter-output>
        </test-method> <!-- beforeMethod -->
        <test-method is-config="true" signature="afterMethod(org.testng.ITestResult)[pri:0, instance:com.cs.arris.Tests.TC0011_Test_SignUp_Onboard_And_Test_SBC@1750fbeb]" started-at="2022-03-24T12:32:18 IST" name="afterMethod" finished-at="2022-03-24T12:32:19 IST" duration-ms="1149" status="PASS">
          <params>
            <param index="0">
              <value>
                <![CDATA[[TestResult name=Verify_Amazon_Alexa_Skills_Link status=SUCCESS method=TC0011_Test_SignUp_Onboard_And_Test_SBC.Verify_Amazon_Alexa_Skills_Link()[pri:26, instance:com.cs.arris.Tests.TC0011_Test_SignUp_Onboard_And_Test_SBC@1750fbeb] output={null}]]]>
              </value>
            </param>
          </params>
          <reporter-output>
          </reporter-output>
        </test-method> <!-- afterMethod -->
        <test-method is-config="true" signature="beforeMethod()[pri:0, instance:com.cs.arris.Tests.TC0011_Test_SignUp_Onboard_And_Test_SBC@1750fbeb]" started-at="2022-03-24T12:32:19 IST" name="beforeMethod" finished-at="2022-03-24T12:32:20 IST" duration-ms="1037" status="PASS">
          <reporter-output>
          </reporter-output>
        </test-method> <!-- beforeMethod -->
        <test-method signature="Verify_Enable_AFFS_Feature()[pri:28, instance:com.cs.arris.Tests.TC0011_Test_SignUp_Onboard_And_Test_SBC@1750fbeb]" started-at="2022-03-24T12:32:20 IST" name="Verify_Enable_AFFS_Feature" finished-at="2022-03-24T12:32:22 IST" depends-on-methods="com.cs.arris.Tests.TC0011_Test_SignUp_Onboard_And_Test_SBC.Verify_SignUp_And_Onboard" duration-ms="2315" status="PASS">
          <reporter-output>
          </reporter-output>
        </test-method> <!-- Verify_Enable_AFFS_Feature -->
        <test-method is-config="true" signature="beforeMethod(java.lang.reflect.Method)[pri:0, instance:com.cs.arris.Tests.TC0011_Test_SignUp_Onboard_And_Test_SBC@1750fbeb]" started-at="2022-03-24T12:32:20 IST" name="beforeMethod" finished-at="2022-03-24T12:32:20 IST" duration-ms="0" status="PASS">
          <params>
            <param index="0">
              <value>
                <![CDATA[public void com.cs.arris.Tests.TC0011_Test_SignUp_Onboard_And_Test_SBC.Verify_Enable_AFFS_Feature()]]>
              </value>
            </param>
          </params>
          <reporter-output>
          </reporter-output>
        </test-method> <!-- beforeMethod -->
        <test-method is-config="true" signature="afterMethod(org.testng.ITestResult)[pri:0, instance:com.cs.arris.Tests.TC0011_Test_SignUp_Onboard_And_Test_SBC@1750fbeb]" started-at="2022-03-24T12:32:22 IST" name="afterMethod" finished-at="2022-03-24T12:32:24 IST" duration-ms="1277" status="PASS">
          <params>
            <param index="0">
              <value>
                <![CDATA[[TestResult name=Verify_Enable_AFFS_Feature status=SUCCESS method=TC0011_Test_SignUp_Onboard_And_Test_SBC.Verify_Enable_AFFS_Feature()[pri:28, instance:com.cs.arris.Tests.TC0011_Test_SignUp_Onboard_And_Test_SBC@1750fbeb] output={null}]]]>
              </value>
            </param>
          </params>
          <reporter-output>
          </reporter-output>
        </test-method> <!-- afterMethod -->
        <test-method is-config="true" signature="beforeMethod()[pri:0, instance:com.cs.arris.Tests.TC0011_Test_SignUp_Onboard_And_Test_SBC@1750fbeb]" started-at="2022-03-24T12:32:24 IST" name="beforeMethod" finished-at="2022-03-24T12:32:25 IST" duration-ms="1021" status="PASS">
          <reporter-output>
          </reporter-output>
        </test-method> <!-- beforeMethod -->
        <test-method is-config="true" signature="beforeMethod(java.lang.reflect.Method)[pri:0, instance:com.cs.arris.Tests.TC0011_Test_SignUp_Onboard_And_Test_SBC@1750fbeb]" started-at="2022-03-24T12:32:25 IST" name="beforeMethod" finished-at="2022-03-24T12:32:25 IST" duration-ms="1" status="PASS">
          <params>
            <param index="0">
              <value>
                <![CDATA[public void com.cs.arris.Tests.TC0011_Test_SignUp_Onboard_And_Test_SBC.Verify_Speed_Test_Page()]]>
              </value>
            </param>
          </params>
          <reporter-output>
          </reporter-output>
        </test-method> <!-- beforeMethod -->
        <test-method signature="Verify_Speed_Test_Page()[pri:29, instance:com.cs.arris.Tests.TC0011_Test_SignUp_Onboard_And_Test_SBC@1750fbeb]" started-at="2022-03-24T12:32:25 IST" name="Verify_Speed_Test_Page" finished-at="2022-03-24T12:33:45 IST" depends-on-methods="com.cs.arris.Tests.TC0011_Test_SignUp_Onboard_And_Test_SBC.Verify_SignUp_And_Onboard" duration-ms="80699" status="PASS">
          <reporter-output>
          </reporter-output>
        </test-method> <!-- Verify_Speed_Test_Page -->
        <test-method is-config="true" signature="afterMethod(org.testng.ITestResult)[pri:0, instance:com.cs.arris.Tests.TC0011_Test_SignUp_Onboard_And_Test_SBC@1750fbeb]" started-at="2022-03-24T12:33:45 IST" name="afterMethod" finished-at="2022-03-24T12:33:47 IST" duration-ms="1333" status="PASS">
          <params>
            <param index="0">
              <value>
                <![CDATA[[TestResult name=Verify_Speed_Test_Page status=SUCCESS method=TC0011_Test_SignUp_Onboard_And_Test_SBC.Verify_Speed_Test_Page()[pri:29, instance:com.cs.arris.Tests.TC0011_Test_SignUp_Onboard_And_Test_SBC@1750fbeb] output={null}]]]>
              </value>
            </param>
          </params>
          <reporter-output>
          </reporter-output>
        </test-method> <!-- afterMethod -->
        <test-method is-config="true" signature="beforeMethod()[pri:0, instance:com.cs.arris.Tests.TC0011_Test_SignUp_Onboard_And_Test_SBC@1750fbeb]" started-at="2022-03-24T12:33:47 IST" name="beforeMethod" finished-at="2022-03-24T12:33:48 IST" duration-ms="1018" status="PASS">
          <reporter-output>
          </reporter-output>
        </test-method> <!-- beforeMethod -->
        <test-method signature="Verify_Perform_Speed_Test()[pri:30, instance:com.cs.arris.Tests.TC0011_Test_SignUp_Onboard_And_Test_SBC@1750fbeb]" started-at="2022-03-24T12:33:48 IST" name="Verify_Perform_Speed_Test" finished-at="2022-03-24T12:39:37 IST" depends-on-methods="com.cs.arris.Tests.TC0011_Test_SignUp_Onboard_And_Test_SBC.Verify_SignUp_And_Onboard, com.cs.arris.Tests.TC0011_Test_SignUp_Onboard_And_Test_SBC.Verify_Speed_Test_Page" duration-ms="349648" status="PASS">
          <reporter-output>
          </reporter-output>
        </test-method> <!-- Verify_Perform_Speed_Test -->
        <test-method is-config="true" signature="beforeMethod(java.lang.reflect.Method)[pri:0, instance:com.cs.arris.Tests.TC0011_Test_SignUp_Onboard_And_Test_SBC@1750fbeb]" started-at="2022-03-24T12:33:48 IST" name="beforeMethod" finished-at="2022-03-24T12:33:48 IST" duration-ms="0" status="PASS">
          <params>
            <param index="0">
              <value>
                <![CDATA[public void com.cs.arris.Tests.TC0011_Test_SignUp_Onboard_And_Test_SBC.Verify_Perform_Speed_Test()]]>
              </value>
            </param>
          </params>
          <reporter-output>
          </reporter-output>
        </test-method> <!-- beforeMethod -->
        <test-method is-config="true" signature="afterMethod(org.testng.ITestResult)[pri:0, instance:com.cs.arris.Tests.TC0011_Test_SignUp_Onboard_And_Test_SBC@1750fbeb]" started-at="2022-03-24T12:39:37 IST" name="afterMethod" finished-at="2022-03-24T12:39:42 IST" duration-ms="4481" status="PASS">
          <params>
            <param index="0">
              <value>
                <![CDATA[[TestResult name=Verify_Perform_Speed_Test status=SUCCESS method=TC0011_Test_SignUp_Onboard_And_Test_SBC.Verify_Perform_Speed_Test()[pri:30, instance:com.cs.arris.Tests.TC0011_Test_SignUp_Onboard_And_Test_SBC@1750fbeb] output={null}]]]>
              </value>
            </param>
          </params>
          <reporter-output>
          </reporter-output>
        </test-method> <!-- afterMethod -->
        <test-method is-config="true" signature="beforeMethod()[pri:0, instance:com.cs.arris.Tests.TC0011_Test_SignUp_Onboard_And_Test_SBC@1750fbeb]" started-at="2022-03-24T12:39:42 IST" name="beforeMethod" finished-at="2022-03-24T12:39:43 IST" duration-ms="1022" status="PASS">
          <reporter-output>
          </reporter-output>
        </test-method> <!-- beforeMethod -->
        <test-method is-config="true" signature="beforeMethod(java.lang.reflect.Method)[pri:0, instance:com.cs.arris.Tests.TC0011_Test_SignUp_Onboard_And_Test_SBC@1750fbeb]" started-at="2022-03-24T12:39:43 IST" name="beforeMethod" finished-at="2022-03-24T12:39:43 IST" duration-ms="1" status="PASS">
          <params>
            <param index="0">
              <value>
                <![CDATA[public void com.cs.arris.Tests.TC0011_Test_SignUp_Onboard_And_Test_SBC.Verify_Home_Speed_Test_History_Page()]]>
              </value>
            </param>
          </params>
          <reporter-output>
          </reporter-output>
        </test-method> <!-- beforeMethod -->
        <test-method signature="Verify_Home_Speed_Test_History_Page()[pri:32, instance:com.cs.arris.Tests.TC0011_Test_SignUp_Onboard_And_Test_SBC@1750fbeb]" started-at="2022-03-24T12:39:43 IST" name="Verify_Home_Speed_Test_History_Page" finished-at="2022-03-24T12:41:08 IST" depends-on-methods="com.cs.arris.Tests.TC0011_Test_SignUp_Onboard_And_Test_SBC.Verify_SignUp_And_Onboard, com.cs.arris.Tests.TC0011_Test_SignUp_Onboard_And_Test_SBC.Verify_Speed_Test_Page" duration-ms="84832" status="PASS">
          <reporter-output>
          </reporter-output>
        </test-method> <!-- Verify_Home_Speed_Test_History_Page -->
        <test-method is-config="true" signature="afterMethod(org.testng.ITestResult)[pri:0, instance:com.cs.arris.Tests.TC0011_Test_SignUp_Onboard_And_Test_SBC@1750fbeb]" started-at="2022-03-24T12:41:08 IST" name="afterMethod" finished-at="2022-03-24T12:41:09 IST" duration-ms="1241" status="PASS">
          <params>
            <param index="0">
              <value>
                <![CDATA[[TestResult name=Verify_Home_Speed_Test_History_Page status=SUCCESS method=TC0011_Test_SignUp_Onboard_And_Test_SBC.Verify_Home_Speed_Test_History_Page()[pri:32, instance:com.cs.arris.Tests.TC0011_Test_SignUp_Onboard_And_Test_SBC@1750fbeb] output={null}]]]>
              </value>
            </param>
          </params>
          <reporter-output>
          </reporter-output>
        </test-method> <!-- afterMethod -->
        <test-method is-config="true" signature="beforeMethod()[pri:0, instance:com.cs.arris.Tests.TC0011_Test_SignUp_Onboard_And_Test_SBC@1750fbeb]" started-at="2022-03-24T12:41:09 IST" name="beforeMethod" finished-at="2022-03-24T12:41:10 IST" duration-ms="1011" status="PASS">
          <reporter-output>
          </reporter-output>
        </test-method> <!-- beforeMethod -->
        <test-method is-config="true" signature="beforeMethod(java.lang.reflect.Method)[pri:0, instance:com.cs.arris.Tests.TC0011_Test_SignUp_Onboard_And_Test_SBC@1750fbeb]" started-at="2022-03-24T12:41:10 IST" name="beforeMethod" finished-at="2022-03-24T12:41:10 IST" duration-ms="1" status="PASS">
          <params>
            <param index="0">
              <value>
                <![CDATA[public void com.cs.arris.Tests.TC0011_Test_SignUp_Onboard_And_Test_SBC.Verify_Main_Device_UI_On_All_Tab_Page()]]>
              </value>
            </param>
          </params>
          <reporter-output>
          </reporter-output>
        </test-method> <!-- beforeMethod -->
        <test-method signature="Verify_Main_Device_UI_On_All_Tab_Page()[pri:33, instance:com.cs.arris.Tests.TC0011_Test_SignUp_Onboard_And_Test_SBC@1750fbeb]" started-at="2022-03-24T12:41:10 IST" name="Verify_Main_Device_UI_On_All_Tab_Page" finished-at="2022-03-24T12:42:00 IST" depends-on-methods="com.cs.arris.Tests.TC0011_Test_SignUp_Onboard_And_Test_SBC.Verify_SignUp_And_Onboard" duration-ms="50236" status="PASS">
          <reporter-output>
          </reporter-output>
        </test-method> <!-- Verify_Main_Device_UI_On_All_Tab_Page -->
        <test-method is-config="true" signature="afterMethod(org.testng.ITestResult)[pri:0, instance:com.cs.arris.Tests.TC0011_Test_SignUp_Onboard_And_Test_SBC@1750fbeb]" started-at="2022-03-24T12:42:00 IST" name="afterMethod" finished-at="2022-03-24T12:42:02 IST" duration-ms="1252" status="PASS">
          <params>
            <param index="0">
              <value>
                <![CDATA[[TestResult name=Verify_Main_Device_UI_On_All_Tab_Page status=SUCCESS method=TC0011_Test_SignUp_Onboard_And_Test_SBC.Verify_Main_Device_UI_On_All_Tab_Page()[pri:33, instance:com.cs.arris.Tests.TC0011_Test_SignUp_Onboard_And_Test_SBC@1750fbeb] output={null}]]]>
              </value>
            </param>
          </params>
          <reporter-output>
          </reporter-output>
        </test-method> <!-- afterMethod -->
        <test-method is-config="true" signature="beforeMethod()[pri:0, instance:com.cs.arris.Tests.TC0011_Test_SignUp_Onboard_And_Test_SBC@1750fbeb]" started-at="2022-03-24T12:42:02 IST" name="beforeMethod" finished-at="2022-03-24T12:42:02 IST" duration-ms="968" status="PASS">
          <reporter-output>
          </reporter-output>
        </test-method> <!-- beforeMethod -->
        <test-method is-config="true" signature="beforeMethod(java.lang.reflect.Method)[pri:0, instance:com.cs.arris.Tests.TC0011_Test_SignUp_Onboard_And_Test_SBC@1750fbeb]" started-at="2022-03-24T12:42:02 IST" name="beforeMethod" finished-at="2022-03-24T12:42:02 IST" duration-ms="0" status="PASS">
          <params>
            <param index="0">
              <value>
                <![CDATA[public void com.cs.arris.Tests.TC0011_Test_SignUp_Onboard_And_Test_SBC.Verify_LED_Settings_UI_On_All_Tab()]]>
              </value>
            </param>
          </params>
          <reporter-output>
          </reporter-output>
        </test-method> <!-- beforeMethod -->
        <test-method signature="Verify_LED_Settings_UI_On_All_Tab()[pri:34, instance:com.cs.arris.Tests.TC0011_Test_SignUp_Onboard_And_Test_SBC@1750fbeb]" started-at="2022-03-24T12:42:02 IST" name="Verify_LED_Settings_UI_On_All_Tab" finished-at="2022-03-24T12:42:05 IST" depends-on-methods="com.cs.arris.Tests.TC0011_Test_SignUp_Onboard_And_Test_SBC.Verify_SignUp_And_Onboard, com.cs.arris.Tests.TC0011_Test_SignUp_Onboard_And_Test_SBC.Verify_Main_Device_UI_On_All_Tab_Page" duration-ms="2223" status="PASS">
          <reporter-output>
          </reporter-output>
        </test-method> <!-- Verify_LED_Settings_UI_On_All_Tab -->
        <test-method is-config="true" signature="afterMethod(org.testng.ITestResult)[pri:0, instance:com.cs.arris.Tests.TC0011_Test_SignUp_Onboard_And_Test_SBC@1750fbeb]" started-at="2022-03-24T12:42:05 IST" name="afterMethod" finished-at="2022-03-24T12:42:06 IST" duration-ms="1040" status="PASS">
          <params>
            <param index="0">
              <value>
                <![CDATA[[TestResult name=Verify_LED_Settings_UI_On_All_Tab status=SUCCESS method=TC0011_Test_SignUp_Onboard_And_Test_SBC.Verify_LED_Settings_UI_On_All_Tab()[pri:34, instance:com.cs.arris.Tests.TC0011_Test_SignUp_Onboard_And_Test_SBC@1750fbeb] output={null}]]]>
              </value>
            </param>
          </params>
          <reporter-output>
          </reporter-output>
        </test-method> <!-- afterMethod -->
        <test-method is-config="true" signature="beforeMethod()[pri:0, instance:com.cs.arris.Tests.TC0011_Test_SignUp_Onboard_And_Test_SBC@1750fbeb]" started-at="2022-03-24T12:42:06 IST" name="beforeMethod" finished-at="2022-03-24T12:42:07 IST" duration-ms="991" status="PASS">
          <reporter-output>
          </reporter-output>
        </test-method> <!-- beforeMethod -->
        <test-method is-config="true" signature="beforeMethod(java.lang.reflect.Method)[pri:0, instance:com.cs.arris.Tests.TC0011_Test_SignUp_Onboard_And_Test_SBC@1750fbeb]" started-at="2022-03-24T12:42:07 IST" name="beforeMethod" finished-at="2022-03-24T12:42:07 IST" duration-ms="0" status="PASS">
          <params>
            <param index="0">
              <value>
                <![CDATA[public void com.cs.arris.Tests.TC0011_Test_SignUp_Onboard_And_Test_SBC.Verify_Decrease_LED_Settings_On_All_Tab_Page()]]>
              </value>
            </param>
          </params>
          <reporter-output>
          </reporter-output>
        </test-method> <!-- beforeMethod -->
        <test-method signature="Verify_Decrease_LED_Settings_On_All_Tab_Page()[pri:35, instance:com.cs.arris.Tests.TC0011_Test_SignUp_Onboard_And_Test_SBC@1750fbeb]" started-at="2022-03-24T12:42:07 IST" name="Verify_Decrease_LED_Settings_On_All_Tab_Page" finished-at="2022-03-24T12:42:10 IST" depends-on-methods="com.cs.arris.Tests.TC0011_Test_SignUp_Onboard_And_Test_SBC.Verify_SignUp_And_Onboard, com.cs.arris.Tests.TC0011_Test_SignUp_Onboard_And_Test_SBC.Verify_LED_Settings_UI_On_All_Tab" duration-ms="3471" status="PASS">
          <reporter-output>
          </reporter-output>
        </test-method> <!-- Verify_Decrease_LED_Settings_On_All_Tab_Page -->
        <test-method is-config="true" signature="afterMethod(org.testng.ITestResult)[pri:0, instance:com.cs.arris.Tests.TC0011_Test_SignUp_Onboard_And_Test_SBC@1750fbeb]" started-at="2022-03-24T12:42:10 IST" name="afterMethod" finished-at="2022-03-24T12:42:11 IST" duration-ms="1033" status="PASS">
          <params>
            <param index="0">
              <value>
                <![CDATA[[TestResult name=Verify_Decrease_LED_Settings_On_All_Tab_Page status=SUCCESS method=TC0011_Test_SignUp_Onboard_And_Test_SBC.Verify_Decrease_LED_Settings_On_All_Tab_Page()[pri:35, instance:com.cs.arris.Tests.TC0011_Test_SignUp_Onboard_And_Test_SBC@1750fbeb] output={null}]]]>
              </value>
            </param>
          </params>
          <reporter-output>
          </reporter-output>
        </test-method> <!-- afterMethod -->
        <test-method is-config="true" signature="beforeMethod()[pri:0, instance:com.cs.arris.Tests.TC0011_Test_SignUp_Onboard_And_Test_SBC@1750fbeb]" started-at="2022-03-24T12:42:11 IST" name="beforeMethod" finished-at="2022-03-24T12:42:12 IST" duration-ms="933" status="PASS">
          <reporter-output>
          </reporter-output>
        </test-method> <!-- beforeMethod -->
        <test-method is-config="true" signature="beforeMethod(java.lang.reflect.Method)[pri:0, instance:com.cs.arris.Tests.TC0011_Test_SignUp_Onboard_And_Test_SBC@1750fbeb]" started-at="2022-03-24T12:42:12 IST" name="beforeMethod" finished-at="2022-03-24T12:42:12 IST" duration-ms="1" status="PASS">
          <params>
            <param index="0">
              <value>
                <![CDATA[public void com.cs.arris.Tests.TC0011_Test_SignUp_Onboard_And_Test_SBC.Verify_Increase_LED_Settings_On_All_Tab_Page()]]>
              </value>
            </param>
          </params>
          <reporter-output>
          </reporter-output>
        </test-method> <!-- beforeMethod -->
        <test-method signature="Verify_Increase_LED_Settings_On_All_Tab_Page()[pri:36, instance:com.cs.arris.Tests.TC0011_Test_SignUp_Onboard_And_Test_SBC@1750fbeb]" started-at="2022-03-24T12:42:12 IST" name="Verify_Increase_LED_Settings_On_All_Tab_Page" finished-at="2022-03-24T12:42:15 IST" depends-on-methods="com.cs.arris.Tests.TC0011_Test_SignUp_Onboard_And_Test_SBC.Verify_SignUp_And_Onboard, com.cs.arris.Tests.TC0011_Test_SignUp_Onboard_And_Test_SBC.Verify_LED_Settings_UI_On_All_Tab" duration-ms="3277" status="PASS">
          <reporter-output>
          </reporter-output>
        </test-method> <!-- Verify_Increase_LED_Settings_On_All_Tab_Page -->
        <test-method is-config="true" signature="afterMethod(org.testng.ITestResult)[pri:0, instance:com.cs.arris.Tests.TC0011_Test_SignUp_Onboard_And_Test_SBC@1750fbeb]" started-at="2022-03-24T12:42:15 IST" name="afterMethod" finished-at="2022-03-24T12:42:17 IST" duration-ms="1063" status="PASS">
          <params>
            <param index="0">
              <value>
                <![CDATA[[TestResult name=Verify_Increase_LED_Settings_On_All_Tab_Page status=SUCCESS method=TC0011_Test_SignUp_Onboard_And_Test_SBC.Verify_Increase_LED_Settings_On_All_Tab_Page()[pri:36, instance:com.cs.arris.Tests.TC0011_Test_SignUp_Onboard_And_Test_SBC@1750fbeb] output={null}]]]>
              </value>
            </param>
          </params>
          <reporter-output>
          </reporter-output>
        </test-method> <!-- afterMethod -->
        <test-method is-config="true" signature="beforeMethod()[pri:0, instance:com.cs.arris.Tests.TC0011_Test_SignUp_Onboard_And_Test_SBC@1750fbeb]" started-at="2022-03-24T12:42:17 IST" name="beforeMethod" finished-at="2022-03-24T12:42:17 IST" duration-ms="942" status="PASS">
          <reporter-output>
          </reporter-output>
        </test-method> <!-- beforeMethod -->
        <test-method is-config="true" signature="beforeMethod(java.lang.reflect.Method)[pri:0, instance:com.cs.arris.Tests.TC0011_Test_SignUp_Onboard_And_Test_SBC@1750fbeb]" started-at="2022-03-24T12:42:17 IST" name="beforeMethod" finished-at="2022-03-24T12:42:17 IST" duration-ms="1" status="PASS">
          <params>
            <param index="0">
              <value>
                <![CDATA[public void com.cs.arris.Tests.TC0011_Test_SignUp_Onboard_And_Test_SBC.Verify_Devices_Count_Validation_On_All_Tab_Page()]]>
              </value>
            </param>
          </params>
          <reporter-output>
          </reporter-output>
        </test-method> <!-- beforeMethod -->
        <test-method signature="Verify_Devices_Count_Validation_On_All_Tab_Page()[pri:37, instance:com.cs.arris.Tests.TC0011_Test_SignUp_Onboard_And_Test_SBC@1750fbeb]" started-at="2022-03-24T12:42:17 IST" name="Verify_Devices_Count_Validation_On_All_Tab_Page" finished-at="2022-03-24T12:42:18 IST" depends-on-methods="com.cs.arris.Tests.TC0011_Test_SignUp_Onboard_And_Test_SBC.Verify_SignUp_And_Onboard, com.cs.arris.Tests.TC0011_Test_SignUp_Onboard_And_Test_SBC.Verify_Main_Device_UI_On_All_Tab_Page" duration-ms="258" status="PASS">
          <reporter-output>
          </reporter-output>
        </test-method> <!-- Verify_Devices_Count_Validation_On_All_Tab_Page -->
        <test-method is-config="true" signature="afterMethod(org.testng.ITestResult)[pri:0, instance:com.cs.arris.Tests.TC0011_Test_SignUp_Onboard_And_Test_SBC@1750fbeb]" started-at="2022-03-24T12:42:18 IST" name="afterMethod" finished-at="2022-03-24T12:42:19 IST" duration-ms="1039" status="PASS">
          <params>
            <param index="0">
              <value>
[...]
          <reporter-output>
          </reporter-output>
        </test-method> <!-- Verify_General_Settings_UPnP_Settings -->
        <test-method is-config="true" signature="afterMethod(org.testng.ITestResult)[pri:0, instance:com.cs.arris.Tests.TC0011_Test_SignUp_Onboard_And_Test_SBC@1750fbeb]" started-at="2022-03-24T13:27:51 IST" name="afterMethod" finished-at="2022-03-24T13:27:53 IST" duration-ms="1315" status="PASS">
          <params>
            <param index="0">
              <value>
                <![CDATA[[TestResult name=Verify_General_Settings_UPnP_Settings status=SUCCESS method=TC0011_Test_SignUp_Onboard_And_Test_SBC.Verify_General_Settings_UPnP_Settings()[pri:159, instance:com.cs.arris.Tests.TC0011_Test_SignUp_Onboard_And_Test_SBC@1750fbeb] output={null}]]]>
              </value>
            </param>
          </params>
          <reporter-output>
          </reporter-output>
        </test-method> <!-- afterMethod -->
        <test-method is-config="true" signature="beforeMethod()[pri:0, instance:com.cs.arris.Tests.TC0011_Test_SignUp_Onboard_And_Test_SBC@1750fbeb]" started-at="2022-03-24T13:27:53 IST" name="beforeMethod" finished-at="2022-03-24T13:27:54 IST" duration-ms="989" status="PASS">
          <reporter-output>
          </reporter-output>
        </test-method> <!-- beforeMethod -->
        <test-method is-config="true" signature="beforeMethod(java.lang.reflect.Method)[pri:0, instance:com.cs.arris.Tests.TC0011_Test_SignUp_Onboard_And_Test_SBC@1750fbeb]" started-at="2022-03-24T13:27:54 IST" name="beforeMethod" finished-at="2022-03-24T13:27:54 IST" duration-ms="0" status="PASS">
          <params>
            <param index="0">
              <value>
                <![CDATA[public void com.cs.arris.Tests.TC0011_Test_SignUp_Onboard_And_Test_SBC.Verify_General_Settings_IPv6_Enable_Settings()]]>
              </value>
            </param>
          </params>
          <reporter-output>
          </reporter-output>
        </test-method> <!-- beforeMethod -->
        <test-method signature="Verify_General_Settings_IPv6_Enable_Settings()[pri:160, instance:com.cs.arris.Tests.TC0011_Test_SignUp_Onboard_And_Test_SBC@1750fbeb]" started-at="2022-03-24T13:27:54 IST" name="Verify_General_Settings_IPv6_Enable_Settings" finished-at="2022-03-24T13:27:55 IST" depends-on-methods="com.cs.arris.Tests.TC0011_Test_SignUp_Onboard_And_Test_SBC.Verify_SignUp_And_Onboard, com.cs.arris.Tests.TC0011_Test_SignUp_Onboard_And_Test_SBC.Verify_General_Settings_UI_Page" duration-ms="900" status="PASS">
          <reporter-output>
          </reporter-output>
        </test-method> <!-- Verify_General_Settings_IPv6_Enable_Settings -->
        <test-method is-config="true" signature="afterMethod(org.testng.ITestResult)[pri:0, instance:com.cs.arris.Tests.TC0011_Test_SignUp_Onboard_And_Test_SBC@1750fbeb]" started-at="2022-03-24T13:27:55 IST" name="afterMethod" finished-at="2022-03-24T13:27:55 IST" duration-ms="516" status="PASS">
          <params>
            <param index="0">
              <value>
                <![CDATA[[TestResult name=Verify_General_Settings_IPv6_Enable_Settings status=SUCCESS method=TC0011_Test_SignUp_Onboard_And_Test_SBC.Verify_General_Settings_IPv6_Enable_Settings()[pri:160, instance:com.cs.arris.Tests.TC0011_Test_SignUp_Onboard_And_Test_SBC@1750fbeb] output={null}]]]>
              </value>
            </param>
          </params>
          <reporter-output>
          </reporter-output>
        </test-method> <!-- afterMethod -->
        <test-method is-config="true" signature="beforeMethod()[pri:0, instance:com.cs.arris.Tests.TC0011_Test_SignUp_Onboard_And_Test_SBC@1750fbeb]" started-at="2022-03-24T13:27:55 IST" name="beforeMethod" finished-at="2022-03-24T13:27:56 IST" duration-ms="983" status="PASS">
          <reporter-output>
          </reporter-output>
        </test-method> <!-- beforeMethod -->
        <test-method is-config="true" signature="beforeMethod(java.lang.reflect.Method)[pri:0, instance:com.cs.arris.Tests.TC0011_Test_SignUp_Onboard_And_Test_SBC@1750fbeb]" started-at="2022-03-24T13:27:56 IST" name="beforeMethod" finished-at="2022-03-24T13:27:56 IST" duration-ms="0" status="PASS">
          <params>
            <param index="0">
              <value>
                <![CDATA[public void com.cs.arris.Tests.TC0011_Test_SignUp_Onboard_And_Test_SBC.Verify_General_Settings_Bridge_Mode_Settings()]]>
              </value>
            </param>
          </params>
          <reporter-output>
          </reporter-output>
        </test-method> <!-- beforeMethod -->
        <test-method signature="Verify_General_Settings_Bridge_Mode_Settings()[pri:161, instance:com.cs.arris.Tests.TC0011_Test_SignUp_Onboard_And_Test_SBC@1750fbeb]" started-at="2022-03-24T13:27:56 IST" name="Verify_General_Settings_Bridge_Mode_Settings" finished-at="2022-03-24T13:27:57 IST" depends-on-methods="com.cs.arris.Tests.TC0011_Test_SignUp_Onboard_And_Test_SBC.Verify_SignUp_And_Onboard, com.cs.arris.Tests.TC0011_Test_SignUp_Onboard_And_Test_SBC.Verify_General_Settings_UI_Page" duration-ms="886" status="PASS">
          <reporter-output>
          </reporter-output>
        </test-method> <!-- Verify_General_Settings_Bridge_Mode_Settings -->
        <test-method is-config="true" signature="afterMethod(org.testng.ITestResult)[pri:0, instance:com.cs.arris.Tests.TC0011_Test_SignUp_Onboard_And_Test_SBC@1750fbeb]" started-at="2022-03-24T13:27:57 IST" name="afterMethod" finished-at="2022-03-24T13:27:58 IST" duration-ms="1193" status="PASS">
          <params>
            <param index="0">
              <value>
                <![CDATA[[TestResult name=Verify_General_Settings_Bridge_Mode_Settings status=SUCCESS method=TC0011_Test_SignUp_Onboard_And_Test_SBC.Verify_General_Settings_Bridge_Mode_Settings()[pri:161, instance:com.cs.arris.Tests.TC0011_Test_SignUp_Onboard_And_Test_SBC@1750fbeb] output={null}]]]>
              </value>
            </param>
          </params>
          <reporter-output>
          </reporter-output>
        </test-method> <!-- afterMethod -->
        <test-method is-config="true" signature="beforeMethod()[pri:0, instance:com.cs.arris.Tests.TC0011_Test_SignUp_Onboard_And_Test_SBC@1750fbeb]" started-at="2022-03-24T13:27:58 IST" name="beforeMethod" finished-at="2022-03-24T13:27:59 IST" duration-ms="934" status="PASS">
          <reporter-output>
          </reporter-output>
        </test-method> <!-- beforeMethod -->
        <test-method signature="Verify_General_Settings_Port_Forwarding_Settings()[pri:162, instance:com.cs.arris.Tests.TC0011_Test_SignUp_Onboard_And_Test_SBC@1750fbeb]" started-at="2022-03-24T13:27:59 IST" name="Verify_General_Settings_Port_Forwarding_Settings" finished-at="2022-03-24T13:28:00 IST" depends-on-methods="com.cs.arris.Tests.TC0011_Test_SignUp_Onboard_And_Test_SBC.Verify_SignUp_And_Onboard, com.cs.arris.Tests.TC0011_Test_SignUp_Onboard_And_Test_SBC.Verify_General_Settings_UI_Page" duration-ms="1024" status="PASS">
          <reporter-output>
          </reporter-output>
        </test-method> <!-- Verify_General_Settings_Port_Forwarding_Settings -->
        <test-method is-config="true" signature="beforeMethod(java.lang.reflect.Method)[pri:0, instance:com.cs.arris.Tests.TC0011_Test_SignUp_Onboard_And_Test_SBC@1750fbeb]" started-at="2022-03-24T13:27:59 IST" name="beforeMethod" finished-at="2022-03-24T13:27:59 IST" duration-ms="0" status="PASS">
          <params>
            <param index="0">
              <value>
                <![CDATA[public void com.cs.arris.Tests.TC0011_Test_SignUp_Onboard_And_Test_SBC.Verify_General_Settings_Port_Forwarding_Settings()]]>
              </value>
            </param>
          </params>
          <reporter-output>
          </reporter-output>
        </test-method> <!-- beforeMethod -->
        <test-method is-config="true" signature="afterMethod(org.testng.ITestResult)[pri:0, instance:com.cs.arris.Tests.TC0011_Test_SignUp_Onboard_And_Test_SBC@1750fbeb]" started-at="2022-03-24T13:28:00 IST" name="afterMethod" finished-at="2022-03-24T13:28:01 IST" duration-ms="1087" status="PASS">
          <params>
            <param index="0">
              <value>
                <![CDATA[[TestResult name=Verify_General_Settings_Port_Forwarding_Settings status=SUCCESS method=TC0011_Test_SignUp_Onboard_And_Test_SBC.Verify_General_Settings_Port_Forwarding_Settings()[pri:162, instance:com.cs.arris.Tests.TC0011_Test_SignUp_Onboard_And_Test_SBC@1750fbeb] output={null}]]]>
              </value>
            </param>
          </params>
          <reporter-output>
          </reporter-output>
        </test-method> <!-- afterMethod -->
        <test-method is-config="true" signature="beforeMethod()[pri:0, instance:com.cs.arris.Tests.TC0011_Test_SignUp_Onboard_And_Test_SBC@1750fbeb]" started-at="2022-03-24T13:28:01 IST" name="beforeMethod" finished-at="2022-03-24T13:28:02 IST" duration-ms="982" status="PASS">
          <reporter-output>
          </reporter-output>
        </test-method> <!-- beforeMethod -->
        <test-method is-config="true" signature="beforeMethod(java.lang.reflect.Method)[pri:0, instance:com.cs.arris.Tests.TC0011_Test_SignUp_Onboard_And_Test_SBC@1750fbeb]" started-at="2022-03-24T13:28:02 IST" name="beforeMethod" finished-at="2022-03-24T13:28:02 IST" duration-ms="1" status="PASS">
          <params>
            <param index="0">
              <value>
                <![CDATA[public void com.cs.arris.Tests.TC0011_Test_SignUp_Onboard_And_Test_SBC.Verify_General_Settings_Port_Forwarding_Add_Rules()]]>
              </value>
            </param>
          </params>
          <reporter-output>
          </reporter-output>
        </test-method> <!-- beforeMethod -->
        <test-method signature="Verify_General_Settings_Port_Forwarding_Add_Rules()[pri:163, instance:com.cs.arris.Tests.TC0011_Test_SignUp_Onboard_And_Test_SBC@1750fbeb]" started-at="2022-03-24T13:28:02 IST" name="Verify_General_Settings_Port_Forwarding_Add_Rules" finished-at="2022-03-24T13:29:00 IST" depends-on-methods="com.cs.arris.Tests.TC0011_Test_SignUp_Onboard_And_Test_SBC.Verify_General_Settings_Port_Forwarding_Settings, com.cs.arris.Tests.TC0011_Test_SignUp_Onboard_And_Test_SBC.Verify_SignUp_And_Onboard" duration-ms="57289" status="PASS">
          <reporter-output>
          </reporter-output>
        </test-method> <!-- Verify_General_Settings_Port_Forwarding_Add_Rules -->
        <test-method is-config="true" signature="afterMethod(org.testng.ITestResult)[pri:0, instance:com.cs.arris.Tests.TC0011_Test_SignUp_Onboard_And_Test_SBC@1750fbeb]" started-at="2022-03-24T13:29:00 IST" name="afterMethod" finished-at="2022-03-24T13:29:02 IST" duration-ms="2174" status="PASS">
          <params>
            <param index="0">
              <value>
                <![CDATA[[TestResult name=Verify_General_Settings_Port_Forwarding_Add_Rules status=SUCCESS method=TC0011_Test_SignUp_Onboard_And_Test_SBC.Verify_General_Settings_Port_Forwarding_Add_Rules()[pri:163, instance:com.cs.arris.Tests.TC0011_Test_SignUp_Onboard_And_Test_SBC@1750fbeb] output={null}]]]>
              </value>
            </param>
          </params>
          <reporter-output>
          </reporter-output>
        </test-method> <!-- afterMethod -->
        <test-method is-config="true" signature="beforeMethod()[pri:0, instance:com.cs.arris.Tests.TC0011_Test_SignUp_Onboard_And_Test_SBC@1750fbeb]" started-at="2022-03-24T13:29:02 IST" name="beforeMethod" finished-at="2022-03-24T13:29:03 IST" duration-ms="969" status="PASS">
          <reporter-output>
          </reporter-output>
        </test-method> <!-- beforeMethod -->
        <test-method is-config="true" signature="beforeMethod(java.lang.reflect.Method)[pri:0, instance:com.cs.arris.Tests.TC0011_Test_SignUp_Onboard_And_Test_SBC@1750fbeb]" started-at="2022-03-24T13:29:03 IST" name="beforeMethod" finished-at="2022-03-24T13:29:03 IST" duration-ms="1" status="PASS">
          <params>
            <param index="0">
              <value>
                <![CDATA[public void com.cs.arris.Tests.TC0011_Test_SignUp_Onboard_And_Test_SBC.Verify_General_Settings_Port_Forwarding_Page()]]>
              </value>
            </param>
          </params>
          <reporter-output>
          </reporter-output>
        </test-method> <!-- beforeMethod -->
        <test-method signature="Verify_General_Settings_Port_Forwarding_Page()[pri:166, instance:com.cs.arris.Tests.TC0011_Test_SignUp_Onboard_And_Test_SBC@1750fbeb]" started-at="2022-03-24T13:29:03 IST" name="Verify_General_Settings_Port_Forwarding_Page" finished-at="2022-03-24T13:29:19 IST" depends-on-methods="com.cs.arris.Tests.TC0011_Test_SignUp_Onboard_And_Test_SBC.Verify_General_Settings_Port_Forwarding_Settings, com.cs.arris.Tests.TC0011_Test_SignUp_Onboard_And_Test_SBC.Verify_SignUp_And_Onboard" duration-ms="16545" status="PASS">
          <reporter-output>
          </reporter-output>
        </test-method> <!-- Verify_General_Settings_Port_Forwarding_Page -->
        <test-method is-config="true" signature="afterMethod(org.testng.ITestResult)[pri:0, instance:com.cs.arris.Tests.TC0011_Test_SignUp_Onboard_And_Test_SBC@1750fbeb]" started-at="2022-03-24T13:29:19 IST" name="afterMethod" finished-at="2022-03-24T13:29:20 IST" duration-ms="1130" status="PASS">
          <params>
            <param index="0">
              <value>
                <![CDATA[[TestResult name=Verify_General_Settings_Port_Forwarding_Page status=SUCCESS method=TC0011_Test_SignUp_Onboard_And_Test_SBC.Verify_General_Settings_Port_Forwarding_Page()[pri:166, instance:com.cs.arris.Tests.TC0011_Test_SignUp_Onboard_And_Test_SBC@1750fbeb] output={null}]]]>
              </value>
            </param>
          </params>
          <reporter-output>
          </reporter-output>
        </test-method> <!-- afterMethod -->
        <test-method is-config="true" signature="beforeMethod()[pri:0, instance:com.cs.arris.Tests.TC0011_Test_SignUp_Onboard_And_Test_SBC@1750fbeb]" started-at="2022-03-24T13:29:20 IST" name="beforeMethod" finished-at="2022-03-24T13:29:21 IST" duration-ms="1026" status="PASS">
          <reporter-output>
          </reporter-output>
        </test-method> <!-- beforeMethod -->
        <test-method is-config="true" signature="beforeMethod(java.lang.reflect.Method)[pri:0, instance:com.cs.arris.Tests.TC0011_Test_SignUp_Onboard_And_Test_SBC@1750fbeb]" started-at="2022-03-24T13:29:21 IST" name="beforeMethod" finished-at="2022-03-24T13:29:21 IST" duration-ms="0" status="PASS">
          <params>
            <param index="0">
              <value>
                <![CDATA[public void com.cs.arris.Tests.TC0011_Test_SignUp_Onboard_And_Test_SBC.Verify_Extended_WiFi_Settings_Page()]]>
              </value>
            </param>
          </params>
          <reporter-output>
          </reporter-output>
        </test-method> <!-- beforeMethod -->
        <test-method signature="Verify_Extended_WiFi_Settings_Page()[pri:167, instance:com.cs.arris.Tests.TC0011_Test_SignUp_Onboard_And_Test_SBC@1750fbeb]" started-at="2022-03-24T13:29:21 IST" name="Verify_Extended_WiFi_Settings_Page" finished-at="2022-03-24T13:29:29 IST" depends-on-methods="com.cs.arris.Tests.TC0011_Test_SignUp_Onboard_And_Test_SBC.Verify_SignUp_And_Onboard, com.cs.arris.Tests.TC0011_Test_SignUp_Onboard_And_Test_SBC.Verify_Network_UI_Page" duration-ms="7148" status="PASS">
          <reporter-output>
          </reporter-output>
        </test-method> <!-- Verify_Extended_WiFi_Settings_Page -->
        <test-method is-config="true" signature="afterMethod(org.testng.ITestResult)[pri:0, instance:com.cs.arris.Tests.TC0011_Test_SignUp_Onboard_And_Test_SBC@1750fbeb]" started-at="2022-03-24T13:29:29 IST" name="afterMethod" finished-at="2022-03-24T13:29:30 IST" duration-ms="1530" status="PASS">
          <params>
            <param index="0">
              <value>
                <![CDATA[[TestResult name=Verify_Extended_WiFi_Settings_Page status=SUCCESS method=TC0011_Test_SignUp_Onboard_And_Test_SBC.Verify_Extended_WiFi_Settings_Page()[pri:167, instance:com.cs.arris.Tests.TC0011_Test_SignUp_Onboard_And_Test_SBC@1750fbeb] output={null}]]]>
              </value>
            </param>
          </params>
          <reporter-output>
          </reporter-output>
        </test-method> <!-- afterMethod -->
        <test-method is-config="true" signature="beforeMethod()[pri:0, instance:com.cs.arris.Tests.TC0011_Test_SignUp_Onboard_And_Test_SBC@1750fbeb]" started-at="2022-03-24T13:29:30 IST" name="beforeMethod" finished-at="2022-03-24T13:29:31 IST" duration-ms="1009" status="PASS">
          <reporter-output>
          </reporter-output>
        </test-method> <!-- beforeMethod -->
        <test-method signature="Verify_Guest_WiFi_Network_Page()[pri:168, instance:com.cs.arris.Tests.TC0011_Test_SignUp_Onboard_And_Test_SBC@1750fbeb]" started-at="2022-03-24T13:29:31 IST" name="Verify_Guest_WiFi_Network_Page" finished-at="2022-03-24T13:31:41 IST" depends-on-methods="com.cs.arris.Tests.TC0011_Test_SignUp_Onboard_And_Test_SBC.Verify_SignUp_And_Onboard, com.cs.arris.Tests.TC0011_Test_SignUp_Onboard_And_Test_SBC.Verify_Network_UI_Page" duration-ms="129925" status="PASS">
          <reporter-output>
          </reporter-output>
        </test-method> <!-- Verify_Guest_WiFi_Network_Page -->
        <test-method is-config="true" signature="beforeMethod(java.lang.reflect.Method)[pri:0, instance:com.cs.arris.Tests.TC0011_Test_SignUp_Onboard_And_Test_SBC@1750fbeb]" started-at="2022-03-24T13:29:31 IST" name="beforeMethod" finished-at="2022-03-24T13:29:31 IST" duration-ms="0" status="PASS">
          <params>
            <param index="0">
              <value>
                <![CDATA[public void com.cs.arris.Tests.TC0011_Test_SignUp_Onboard_And_Test_SBC.Verify_Guest_WiFi_Network_Page()]]>
              </value>
            </param>
          </params>
          <reporter-output>
          </reporter-output>
        </test-method> <!-- beforeMethod -->
        <test-method is-config="true" signature="afterMethod(org.testng.ITestResult)[pri:0, instance:com.cs.arris.Tests.TC0011_Test_SignUp_Onboard_And_Test_SBC@1750fbeb]" started-at="2022-03-24T13:31:41 IST" name="afterMethod" finished-at="2022-03-24T13:31:45 IST" duration-ms="3965" status="PASS">
          <params>
            <param index="0">
              <value>
                <![CDATA[[TestResult name=Verify_Guest_WiFi_Network_Page status=SUCCESS method=TC0011_Test_SignUp_Onboard_And_Test_SBC.Verify_Guest_WiFi_Network_Page()[pri:168, instance:com.cs.arris.Tests.TC0011_Test_SignUp_Onboard_And_Test_SBC@1750fbeb] output={null}]]]>
              </value>
            </param>
          </params>
          <reporter-output>
          </reporter-output>
        </test-method> <!-- afterMethod -->
        <test-method is-config="true" signature="afterTest()[pri:0, instance:com.cs.arris.Tests.TC0011_Test_SignUp_Onboard_And_Test_SBC@1750fbeb]" started-at="2022-03-24T13:31:45 IST" name="afterTest" finished-at="2022-03-24T13:31:45 IST" duration-ms="159" status="PASS">
          <reporter-output>
          </reporter-output>
        </test-method> <!-- afterTest -->
        <test-method is-config="true" signature="afterSuite()[pri:0, instance:com.cs.arris.Tests.TC0011_Test_SignUp_Onboard_And_Test_SBC@1750fbeb]" started-at="2022-03-24T13:31:45 IST" name="afterSuite" finished-at="2022-03-24T13:31:46 IST" duration-ms="307" status="PASS">
          <reporter-output>
          </reporter-output>
        </test-method> <!-- afterSuite -->
      </class> <!-- com.cs.arris.Tests.TC0011_Test_SignUp_Onboard_And_Test_SBC -->
    </test> <!-- SBC_Onboard_And_Feature_Test -->
  </suite> <!-- Android : W31-OnBoarding -->
</testng-results>
